[2026-05-21T13:21:17.802+0000] {local_task_job_runner.py:120} INFO - ::group::Pre task execution logs
[2026-05-21T13:21:17.822+0000] {taskinstance.py:2076} INFO - Dependencies all met for dep_context=non-requeueable deps ti=<TaskInstance: spotify_minio_to_snowflake_bronze.load_raw_to_snow_flake manual__2026-05-21T13:21:09.105931+00:00 [queued]>
[2026-05-21T13:21:17.828+0000] {taskinstance.py:2076} INFO - Dependencies all met for dep_context=requeueable deps ti=<TaskInstance: spotify_minio_to_snowflake_bronze.load_raw_to_snow_flake manual__2026-05-21T13:21:09.105931+00:00 [queued]>
[2026-05-21T13:21:17.828+0000] {taskinstance.py:2306} INFO - Starting attempt 1 of 2
[2026-05-21T13:21:17.838+0000] {taskinstance.py:2330} INFO - Executing <Task(PythonOperator): load_raw_to_snow_flake> on 2026-05-21 13:21:09.105931+00:00
[2026-05-21T13:21:17.844+0000] {standard_task_runner.py:90} INFO - Running: ['***', 'tasks', 'run', 'spotify_minio_to_snowflake_bronze', 'load_raw_to_snow_flake', 'manual__2026-05-21T13:21:09.105931+00:00', '--job-id', '10', '--raw', '--subdir', 'DAGS_FOLDER/minio-to-snowflake.py', '--cfg-path', '/tmp/tmph5pk_hv_']
[2026-05-21T13:21:17.846+0000] {standard_task_runner.py:91} INFO - Job 10: Subtask load_raw_to_snow_flake
[2026-05-21T13:21:17.846+0000] {logging_mixin.py:188} WARNING - /home/***/.local/lib/python3.12/site-packages/***/task/task_runner/standard_task_runner.py:62 DeprecationWarning: This process (pid=170) is multi-threaded, use of fork() may lead to deadlocks in the child.
[2026-05-21T13:21:17.846+0000] {standard_task_runner.py:64} INFO - Started process 195 to run task
[2026-05-21T13:21:17.905+0000] {task_command.py:426} INFO - Running <TaskInstance: spotify_minio_to_snowflake_bronze.load_raw_to_snow_flake manual__2026-05-21T13:21:09.105931+00:00 [running]> on host 30613cef2245
[2026-05-21T13:21:17.960+0000] {taskinstance.py:2648} INFO - Exporting env vars: AIRFLOW_CTX_DAG_OWNER='***' AIRFLOW_CTX_DAG_ID='spotify_minio_to_snowflake_bronze' AIRFLOW_CTX_TASK_ID='load_raw_to_snow_flake' AIRFLOW_CTX_EXECUTION_DATE='2026-05-21T13:21:09.105931+00:00' AIRFLOW_CTX_TRY_NUMBER='1' AIRFLOW_CTX_DAG_RUN_ID='manual__2026-05-21T13:21:09.105931+00:00'
[2026-05-21T13:21:17.962+0000] {taskinstance.py:430} INFO - ::endgroup::
[2026-05-21T13:21:17.993+0000] {connection.py:408} INFO - Snowflake Connector for Python Version: 3.11.0, Python Version: 3.12.4, Platform: Linux-6.6.87.2-microsoft-standard-WSL2-x86_64-with-glibc2.36
[2026-05-21T13:21:17.994+0000] {connection.py:1258} INFO - This connection is in OCSP Fail Open Mode. TLS Certificates would be checked for validity and revocation status. Any other Certificate Revocation related exceptions or OCSP Responder failures would be disregarded in favor of connectivity.
[2026-05-21T13:21:19.647+0000] {taskinstance.py:441} INFO - ::group::Post task execution logs
[2026-05-21T13:21:19.648+0000] {taskinstance.py:2905} ERROR - Task failed with exception
Traceback (most recent call last):
  File "/home/airflow/.local/lib/python3.12/site-packages/airflow/models/taskinstance.py", line 465, in _execute_task
    result = _execute_callable(context=context, **execute_callable_kwargs)
             ^^^^^^^^^^^^^^^^^^^^^^^^^^^^^^^^^^^^^^^^^^^^^^^^^^^^^^^^^^^^^
  File "/home/airflow/.local/lib/python3.12/site-packages/airflow/models/taskinstance.py", line 432, in _execute_callable
    return execute_callable(context=context, **execute_callable_kwargs)
           ^^^^^^^^^^^^^^^^^^^^^^^^^^^^^^^^^^^^^^^^^^^^^^^^^^^^^^^^^^^^
  File "/home/airflow/.local/lib/python3.12/site-packages/airflow/models/baseoperator.py", line 401, in wrapper
    return func(self, *args, **kwargs)
           ^^^^^^^^^^^^^^^^^^^^^^^^^^^
  File "/home/airflow/.local/lib/python3.12/site-packages/airflow/operators/python.py", line 235, in execute
    return_value = self.execute_callable()
                   ^^^^^^^^^^^^^^^^^^^^^^^
  File "/home/airflow/.local/lib/python3.12/site-packages/airflow/operators/python.py", line 252, in execute_callable
    return self.python_callable(*self.op_args, **self.op_kwargs)
           ^^^^^^^^^^^^^^^^^^^^^^^^^^^^^^^^^^^^^^^^^^^^^^^^^^^^^
  File "/opt/airflow/dags/minio-to-snowflake.py", line 196, in load_raw_to_snowflake
    cur.execute(f"USE DATABASE {SNOWFLAKE_DATABASE}")
  File "/home/airflow/.local/lib/python3.12/site-packages/snowflake/connector/cursor.py", line 1080, in execute
    Error.errorhandler_wrapper(self.connection, self, error_class, errvalue)
  File "/home/airflow/.local/lib/python3.12/site-packages/snowflake/connector/errors.py", line 290, in errorhandler_wrapper
    handed_over = Error.hand_to_other_handler(
                  ^^^^^^^^^^^^^^^^^^^^^^^^^^^^
  File "/home/airflow/.local/lib/python3.12/site-packages/snowflake/connector/errors.py", line 345, in hand_to_other_handler
    cursor.errorhandler(connection, cursor, error_class, error_value)
  File "/home/airflow/.local/lib/python3.12/site-packages/snowflake/connector/errors.py", line 221, in default_errorhandler
    raise error_class(
snowflake.connector.errors.ProgrammingError: 002043 (02000): 01c48461-3202-b620-0000-0017217ec73d: SQL compilation error:
Object does not exist, or operation cannot be performed.
[2026-05-21T13:21:19.657+0000] {taskinstance.py:1206} INFO - Marking task as UP_FOR_RETRY. dag_id=spotify_minio_to_snowflake_bronze, task_id=load_raw_to_snow_flake, run_id=manual__2026-05-21T13:21:09.105931+00:00, execution_date=20260521T132109, start_date=20260521T132117, end_date=20260521T132119
[2026-05-21T13:21:19.666+0000] {standard_task_runner.py:110} ERROR - Failed to execute job 10 for task load_raw_to_snow_flake (002043 (02000): 01c48461-3202-b620-0000-0017217ec73d: SQL compilation error:
Object does not exist, or operation cannot be performed.; 195)
[2026-05-21T13:21:19.707+0000] {local_task_job_runner.py:243} INFO - Task exited with return code 1
[2026-05-21T13:21:19.728+0000] {taskinstance.py:3503} INFO - 0 downstream tasks scheduled from follow-on schedule check
[2026-05-21T13:21:19.735+0000] {local_task_job_runner.py:222} INFO - ::endgroup::
