[2026-06-08T03:32:28.484+0000] {processor.py:161} INFO - Started process (PID=1580) to work on /opt/airflow/dags/minio-to-snowflake.py
[2026-06-08T03:32:28.485+0000] {processor.py:830} INFO - Processing file /opt/airflow/dags/minio-to-snowflake.py for tasks to queue
[2026-06-08T03:32:28.486+0000] {logging_mixin.py:188} INFO - [2026-06-08T03:32:28.486+0000] {dagbag.py:545} INFO - Filling up the DagBag from /opt/airflow/dags/minio-to-snowflake.py
[2026-06-08T03:32:47.158+0000] {processor.py:840} INFO - DAG(s) 'spotify_minio_to_snowflake_bronze' retrieved from /opt/airflow/dags/minio-to-snowflake.py
[2026-06-08T03:32:47.737+0000] {logging_mixin.py:188} INFO - [2026-06-08T03:32:47.737+0000] {dag.py:3089} INFO - Sync 1 DAGs
[2026-06-08T03:32:47.754+0000] {logging_mixin.py:188} INFO - [2026-06-08T03:32:47.754+0000] {dag.py:3947} INFO - Setting next_dagrun for spotify_minio_to_snowflake_bronze to 2026-06-08 02:00:00+00:00, run_after=2026-06-08 03:00:00+00:00
[2026-06-08T03:32:47.941+0000] {processor.py:183} INFO - Processing /opt/airflow/dags/minio-to-snowflake.py took 20.060 seconds
[2026-06-08T03:33:18.288+0000] {processor.py:161} INFO - Started process (PID=1630) to work on /opt/airflow/dags/minio-to-snowflake.py
[2026-06-08T03:33:18.290+0000] {processor.py:830} INFO - Processing file /opt/airflow/dags/minio-to-snowflake.py for tasks to queue
[2026-06-08T03:33:18.291+0000] {logging_mixin.py:188} INFO - [2026-06-08T03:33:18.291+0000] {dagbag.py:545} INFO - Filling up the DagBag from /opt/airflow/dags/minio-to-snowflake.py
[2026-06-08T03:33:18.944+0000] {processor.py:840} INFO - DAG(s) 'spotify_minio_to_snowflake_bronze' retrieved from /opt/airflow/dags/minio-to-snowflake.py
[2026-06-08T03:33:18.987+0000] {logging_mixin.py:188} INFO - [2026-06-08T03:33:18.986+0000] {dag.py:3089} INFO - Sync 1 DAGs
[2026-06-08T03:33:19.002+0000] {logging_mixin.py:188} INFO - [2026-06-08T03:33:19.002+0000] {dag.py:3947} INFO - Setting next_dagrun for spotify_minio_to_snowflake_bronze to 2026-06-08 03:00:00+00:00, run_after=2026-06-08 04:00:00+00:00
[2026-06-08T03:33:19.142+0000] {processor.py:183} INFO - Processing /opt/airflow/dags/minio-to-snowflake.py took 0.858 seconds
[2026-06-08T03:33:49.412+0000] {processor.py:161} INFO - Started process (PID=1655) to work on /opt/airflow/dags/minio-to-snowflake.py
[2026-06-08T03:33:49.413+0000] {processor.py:830} INFO - Processing file /opt/airflow/dags/minio-to-snowflake.py for tasks to queue
[2026-06-08T03:33:49.414+0000] {logging_mixin.py:188} INFO - [2026-06-08T03:33:49.414+0000] {dagbag.py:545} INFO - Filling up the DagBag from /opt/airflow/dags/minio-to-snowflake.py
[2026-06-08T03:33:50.021+0000] {processor.py:840} INFO - DAG(s) 'spotify_minio_to_snowflake_bronze' retrieved from /opt/airflow/dags/minio-to-snowflake.py
[2026-06-08T03:33:50.042+0000] {logging_mixin.py:188} INFO - [2026-06-08T03:33:50.042+0000] {dag.py:3089} INFO - Sync 1 DAGs
[2026-06-08T03:33:50.058+0000] {logging_mixin.py:188} INFO - [2026-06-08T03:33:50.058+0000] {dag.py:3947} INFO - Setting next_dagrun for spotify_minio_to_snowflake_bronze to 2026-06-08 03:00:00+00:00, run_after=2026-06-08 04:00:00+00:00
[2026-06-08T03:33:50.227+0000] {processor.py:183} INFO - Processing /opt/airflow/dags/minio-to-snowflake.py took 0.820 seconds
[2026-06-08T03:34:20.922+0000] {processor.py:161} INFO - Started process (PID=1658) to work on /opt/airflow/dags/minio-to-snowflake.py
[2026-06-08T03:34:20.924+0000] {processor.py:830} INFO - Processing file /opt/airflow/dags/minio-to-snowflake.py for tasks to queue
[2026-06-08T03:34:20.926+0000] {logging_mixin.py:188} INFO - [2026-06-08T03:34:20.925+0000] {dagbag.py:545} INFO - Filling up the DagBag from /opt/airflow/dags/minio-to-snowflake.py
[2026-06-08T03:34:21.514+0000] {processor.py:840} INFO - DAG(s) 'spotify_minio_to_snowflake_bronze' retrieved from /opt/airflow/dags/minio-to-snowflake.py
[2026-06-08T03:34:21.534+0000] {logging_mixin.py:188} INFO - [2026-06-08T03:34:21.534+0000] {dag.py:3089} INFO - Sync 1 DAGs
[2026-06-08T03:34:21.549+0000] {logging_mixin.py:188} INFO - [2026-06-08T03:34:21.549+0000] {dag.py:3947} INFO - Setting next_dagrun for spotify_minio_to_snowflake_bronze to 2026-06-08 03:00:00+00:00, run_after=2026-06-08 04:00:00+00:00
[2026-06-08T03:34:21.580+0000] {processor.py:183} INFO - Processing /opt/airflow/dags/minio-to-snowflake.py took 0.737 seconds
[2026-06-08T03:34:51.935+0000] {processor.py:161} INFO - Started process (PID=1661) to work on /opt/airflow/dags/minio-to-snowflake.py
[2026-06-08T03:34:51.938+0000] {processor.py:830} INFO - Processing file /opt/airflow/dags/minio-to-snowflake.py for tasks to queue
[2026-06-08T03:34:51.941+0000] {logging_mixin.py:188} INFO - [2026-06-08T03:34:51.940+0000] {dagbag.py:545} INFO - Filling up the DagBag from /opt/airflow/dags/minio-to-snowflake.py
[2026-06-08T03:34:52.622+0000] {processor.py:840} INFO - DAG(s) 'spotify_minio_to_snowflake_bronze' retrieved from /opt/airflow/dags/minio-to-snowflake.py
[2026-06-08T03:34:52.647+0000] {logging_mixin.py:188} INFO - [2026-06-08T03:34:52.647+0000] {dag.py:3089} INFO - Sync 1 DAGs
[2026-06-08T03:34:52.662+0000] {logging_mixin.py:188} INFO - [2026-06-08T03:34:52.662+0000] {dag.py:3947} INFO - Setting next_dagrun for spotify_minio_to_snowflake_bronze to 2026-06-08 03:00:00+00:00, run_after=2026-06-08 04:00:00+00:00
[2026-06-08T03:34:52.682+0000] {processor.py:183} INFO - Processing /opt/airflow/dags/minio-to-snowflake.py took 0.763 seconds
[2026-06-08T03:35:23.247+0000] {processor.py:161} INFO - Started process (PID=1664) to work on /opt/airflow/dags/minio-to-snowflake.py
[2026-06-08T03:35:23.250+0000] {processor.py:830} INFO - Processing file /opt/airflow/dags/minio-to-snowflake.py for tasks to queue
[2026-06-08T03:35:23.253+0000] {logging_mixin.py:188} INFO - [2026-06-08T03:35:23.252+0000] {dagbag.py:545} INFO - Filling up the DagBag from /opt/airflow/dags/minio-to-snowflake.py
[2026-06-08T03:35:23.933+0000] {processor.py:840} INFO - DAG(s) 'spotify_minio_to_snowflake_bronze' retrieved from /opt/airflow/dags/minio-to-snowflake.py
[2026-06-08T03:35:23.955+0000] {logging_mixin.py:188} INFO - [2026-06-08T03:35:23.955+0000] {dag.py:3089} INFO - Sync 1 DAGs
[2026-06-08T03:35:23.971+0000] {logging_mixin.py:188} INFO - [2026-06-08T03:35:23.971+0000] {dag.py:3947} INFO - Setting next_dagrun for spotify_minio_to_snowflake_bronze to 2026-06-08 03:00:00+00:00, run_after=2026-06-08 04:00:00+00:00
[2026-06-08T03:35:23.990+0000] {processor.py:183} INFO - Processing /opt/airflow/dags/minio-to-snowflake.py took 0.758 seconds
[2026-06-08T03:35:54.356+0000] {processor.py:161} INFO - Started process (PID=1667) to work on /opt/airflow/dags/minio-to-snowflake.py
[2026-06-08T03:35:54.358+0000] {processor.py:830} INFO - Processing file /opt/airflow/dags/minio-to-snowflake.py for tasks to queue
[2026-06-08T03:35:54.359+0000] {logging_mixin.py:188} INFO - [2026-06-08T03:35:54.359+0000] {dagbag.py:545} INFO - Filling up the DagBag from /opt/airflow/dags/minio-to-snowflake.py
[2026-06-08T03:35:54.985+0000] {processor.py:840} INFO - DAG(s) 'spotify_minio_to_snowflake_bronze' retrieved from /opt/airflow/dags/minio-to-snowflake.py
[2026-06-08T03:35:55.003+0000] {logging_mixin.py:188} INFO - [2026-06-08T03:35:55.003+0000] {dag.py:3089} INFO - Sync 1 DAGs
[2026-06-08T03:35:55.018+0000] {logging_mixin.py:188} INFO - [2026-06-08T03:35:55.018+0000] {dag.py:3947} INFO - Setting next_dagrun for spotify_minio_to_snowflake_bronze to 2026-06-08 03:00:00+00:00, run_after=2026-06-08 04:00:00+00:00
[2026-06-08T03:35:55.038+0000] {processor.py:183} INFO - Processing /opt/airflow/dags/minio-to-snowflake.py took 0.688 seconds
[2026-06-08T03:36:25.569+0000] {processor.py:161} INFO - Started process (PID=1670) to work on /opt/airflow/dags/minio-to-snowflake.py
[2026-06-08T03:36:25.570+0000] {processor.py:830} INFO - Processing file /opt/airflow/dags/minio-to-snowflake.py for tasks to queue
[2026-06-08T03:36:25.572+0000] {logging_mixin.py:188} INFO - [2026-06-08T03:36:25.571+0000] {dagbag.py:545} INFO - Filling up the DagBag from /opt/airflow/dags/minio-to-snowflake.py
[2026-06-08T03:36:26.304+0000] {processor.py:840} INFO - DAG(s) 'spotify_minio_to_snowflake_bronze' retrieved from /opt/airflow/dags/minio-to-snowflake.py
[2026-06-08T03:36:26.332+0000] {logging_mixin.py:188} INFO - [2026-06-08T03:36:26.332+0000] {dag.py:3089} INFO - Sync 1 DAGs
[2026-06-08T03:36:26.357+0000] {logging_mixin.py:188} INFO - [2026-06-08T03:36:26.357+0000] {dag.py:3947} INFO - Setting next_dagrun for spotify_minio_to_snowflake_bronze to 2026-06-08 03:00:00+00:00, run_after=2026-06-08 04:00:00+00:00
[2026-06-08T03:36:26.381+0000] {processor.py:183} INFO - Processing /opt/airflow/dags/minio-to-snowflake.py took 0.819 seconds
