[2026-06-07T03:14:42.816+0000] {local_task_job_runner.py:120} INFO - ::group::Pre task execution logs
[2026-06-07T03:14:42.844+0000] {taskinstance.py:2076} INFO - Dependencies all met for dep_context=non-requeueable deps ti=<TaskInstance: spotify_minio_to_snowflake_bronze.load_raw_to_snow_flake scheduled__2026-05-27T08:00:00+00:00 [queued]>
[2026-06-07T03:14:42.851+0000] {taskinstance.py:2076} INFO - Dependencies all met for dep_context=requeueable deps ti=<TaskInstance: spotify_minio_to_snowflake_bronze.load_raw_to_snow_flake scheduled__2026-05-27T08:00:00+00:00 [queued]>
[2026-06-07T03:14:42.852+0000] {taskinstance.py:2306} INFO - Starting attempt 2 of 2
[2026-06-07T03:14:42.867+0000] {taskinstance.py:2330} INFO - Executing <Task(PythonOperator): load_raw_to_snow_flake> on 2026-05-27 08:00:00+00:00
[2026-06-07T03:14:42.907+0000] {logging_mixin.py:188} WARNING - /home/***/.local/lib/python3.12/site-packages/***/task/task_runner/standard_task_runner.py:62 DeprecationWarning: This process (pid=355) is multi-threaded, use of fork() may lead to deadlocks in the child.
[2026-06-07T03:14:42.889+0000] {standard_task_runner.py:90} INFO - Running: ['***', 'tasks', 'run', 'spotify_minio_to_snowflake_bronze', 'load_raw_to_snow_flake', 'scheduled__2026-05-27T08:00:00+00:00', '--job-id', '43', '--raw', '--subdir', 'DAGS_FOLDER/minio-to-snowflake.py', '--cfg-path', '/tmp/tmpjzrv6dve']
[2026-06-07T03:14:42.910+0000] {standard_task_runner.py:64} INFO - Started process 380 to run task
[2026-06-07T03:14:42.910+0000] {standard_task_runner.py:91} INFO - Job 43: Subtask load_raw_to_snow_flake
[2026-06-07T03:14:43.260+0000] {task_command.py:426} INFO - Running <TaskInstance: spotify_minio_to_snowflake_bronze.load_raw_to_snow_flake scheduled__2026-05-27T08:00:00+00:00 [running]> on host 30613cef2245
[2026-06-07T03:14:43.368+0000] {taskinstance.py:2648} INFO - Exporting env vars: AIRFLOW_CTX_DAG_OWNER='***' AIRFLOW_CTX_DAG_ID='spotify_minio_to_snowflake_bronze' AIRFLOW_CTX_TASK_ID='load_raw_to_snow_flake' AIRFLOW_CTX_EXECUTION_DATE='2026-05-27T08:00:00+00:00' AIRFLOW_CTX_TRY_NUMBER='2' AIRFLOW_CTX_DAG_RUN_ID='scheduled__2026-05-27T08:00:00+00:00'
[2026-06-07T03:14:43.370+0000] {taskinstance.py:430} INFO - ::endgroup::
[2026-06-07T03:14:43.475+0000] {connection.py:408} INFO - Snowflake Connector for Python Version: 3.11.0, Python Version: 3.12.4, Platform: Linux-6.6.87.2-microsoft-standard-WSL2-x86_64-with-glibc2.36
[2026-06-07T03:14:43.476+0000] {connection.py:1258} INFO - This connection is in OCSP Fail Open Mode. TLS Certificates would be checked for validity and revocation status. Any other Certificate Revocation related exceptions or OCSP Responder failures would be disregarded in favor of connectivity.
[2026-06-07T03:14:43.987+0000] {cursor.py:1149} INFO - Number of results in first chunk: 1
[2026-06-07T03:14:44.078+0000] {cursor.py:1149} INFO - Number of results in first chunk: 1
[2026-06-07T03:14:44.168+0000] {cursor.py:1149} INFO - Number of results in first chunk: 1
[2026-06-07T03:14:44.279+0000] {taskinstance.py:441} INFO - ::group::Post task execution logs
[2026-06-07T03:14:44.281+0000] {taskinstance.py:2905} ERROR - Task failed with exception
Traceback (most recent call last):
  File "/home/airflow/.local/lib/python3.12/site-packages/airflow/models/taskinstance.py", line 465, in _execute_task
    result = _execute_callable(context=context, **execute_callable_kwargs)
             ^^^^^^^^^^^^^^^^^^^^^^^^^^^^^^^^^^^^^^^^^^^^^^^^^^^^^^^^^^^^^
  File "/home/airflow/.local/lib/python3.12/site-packages/airflow/models/taskinstance.py", line 432, in _execute_callable
    return execute_callable(context=context, **execute_callable_kwargs)
           ^^^^^^^^^^^^^^^^^^^^^^^^^^^^^^^^^^^^^^^^^^^^^^^^^^^^^^^^^^^^
  File "/home/airflow/.local/lib/python3.12/site-packages/airflow/models/baseoperator.py", line 401, in wrapper
    return func(self, *args, **kwargs)
           ^^^^^^^^^^^^^^^^^^^^^^^^^^^
  File "/home/airflow/.local/lib/python3.12/site-packages/airflow/operators/python.py", line 235, in execute
    return_value = self.execute_callable()
                   ^^^^^^^^^^^^^^^^^^^^^^^
  File "/home/airflow/.local/lib/python3.12/site-packages/airflow/operators/python.py", line 252, in execute_callable
    return self.python_callable(*self.op_args, **self.op_kwargs)
           ^^^^^^^^^^^^^^^^^^^^^^^^^^^^^^^^^^^^^^^^^^^^^^^^^^^^^
  File "/opt/airflow/dags/minio-to-snowflake.py", line 263, in load_raw_to_snowflake
    cur.execute(insert_sql, (
  File "/home/airflow/.local/lib/python3.12/site-packages/snowflake/connector/cursor.py", line 1080, in execute
    Error.errorhandler_wrapper(self.connection, self, error_class, errvalue)
  File "/home/airflow/.local/lib/python3.12/site-packages/snowflake/connector/errors.py", line 290, in errorhandler_wrapper
    handed_over = Error.hand_to_other_handler(
                  ^^^^^^^^^^^^^^^^^^^^^^^^^^^^
  File "/home/airflow/.local/lib/python3.12/site-packages/snowflake/connector/errors.py", line 345, in hand_to_other_handler
    cursor.errorhandler(connection, cursor, error_class, error_value)
  File "/home/airflow/.local/lib/python3.12/site-packages/snowflake/connector/errors.py", line 221, in default_errorhandler
    raise error_class(
snowflake.connector.errors.ProgrammingError: 000904 (42000): 01c4e1a2-3202-c163-0017-217e0005d492: SQL compilation error: error line 4 at position 12
invalid identifier 'USERNAME'
[2026-06-07T03:14:44.297+0000] {taskinstance.py:1206} INFO - Marking task as FAILED. dag_id=spotify_minio_to_snowflake_bronze, task_id=load_raw_to_snow_flake, run_id=scheduled__2026-05-27T08:00:00+00:00, execution_date=20260527T080000, start_date=20260607T031442, end_date=20260607T031444
[2026-06-07T03:14:44.309+0000] {standard_task_runner.py:110} ERROR - Failed to execute job 43 for task load_raw_to_snow_flake (000904 (42000): 01c4e1a2-3202-c163-0017-217e0005d492: SQL compilation error: error line 4 at position 12
invalid identifier 'USERNAME'; 380)
[2026-06-07T03:14:44.331+0000] {local_task_job_runner.py:243} INFO - Task exited with return code 1
[2026-06-07T03:14:44.349+0000] {taskinstance.py:3503} INFO - 0 downstream tasks scheduled from follow-on schedule check
[2026-06-07T03:14:44.353+0000] {local_task_job_runner.py:222} INFO - ::endgroup::
