[2026-06-08T03:33:22.901+0000] {local_task_job_runner.py:120} INFO - ::group::Pre task execution logs
[2026-06-08T03:33:22.927+0000] {taskinstance.py:2076} INFO - Dependencies all met for dep_context=non-requeueable deps ti=<TaskInstance: spotify_minio_to_snowflake_bronze.load_raw_to_snow_flake scheduled__2026-06-07T07:00:00+00:00 [queued]>
[2026-06-08T03:33:22.932+0000] {taskinstance.py:2076} INFO - Dependencies all met for dep_context=requeueable deps ti=<TaskInstance: spotify_minio_to_snowflake_bronze.load_raw_to_snow_flake scheduled__2026-06-07T07:00:00+00:00 [queued]>
[2026-06-08T03:33:22.933+0000] {taskinstance.py:2306} INFO - Starting attempt 1 of 2
[2026-06-08T03:33:23.139+0000] {taskinstance.py:2330} INFO - Executing <Task(PythonOperator): load_raw_to_snow_flake> on 2026-06-07 07:00:00+00:00
[2026-06-08T03:33:23.150+0000] {standard_task_runner.py:90} INFO - Running: ['***', 'tasks', 'run', 'spotify_minio_to_snowflake_bronze', 'load_raw_to_snow_flake', 'scheduled__2026-06-07T07:00:00+00:00', '--job-id', '76', '--raw', '--subdir', 'DAGS_FOLDER/minio-to-snowflake.py', '--cfg-path', '/tmp/tmpu3ghbx1n']
[2026-06-08T03:33:23.152+0000] {standard_task_runner.py:91} INFO - Job 76: Subtask load_raw_to_snow_flake
[2026-06-08T03:33:23.152+0000] {logging_mixin.py:188} WARNING - /home/***/.local/lib/python3.12/site-packages/***/task/task_runner/standard_task_runner.py:62 DeprecationWarning: This process (pid=1629) is multi-threaded, use of fork() may lead to deadlocks in the child.
[2026-06-08T03:33:23.153+0000] {standard_task_runner.py:64} INFO - Started process 1654 to run task
[2026-06-08T03:33:23.461+0000] {task_command.py:426} INFO - Running <TaskInstance: spotify_minio_to_snowflake_bronze.load_raw_to_snow_flake scheduled__2026-06-07T07:00:00+00:00 [running]> on host 30613cef2245
[2026-06-08T03:33:23.981+0000] {taskinstance.py:2648} INFO - Exporting env vars: AIRFLOW_CTX_DAG_OWNER='***' AIRFLOW_CTX_DAG_ID='spotify_minio_to_snowflake_bronze' AIRFLOW_CTX_TASK_ID='load_raw_to_snow_flake' AIRFLOW_CTX_EXECUTION_DATE='2026-06-07T07:00:00+00:00' AIRFLOW_CTX_TRY_NUMBER='1' AIRFLOW_CTX_DAG_RUN_ID='scheduled__2026-06-07T07:00:00+00:00'
[2026-06-08T03:33:23.982+0000] {taskinstance.py:430} INFO - ::endgroup::
[2026-06-08T03:33:24.024+0000] {connection.py:408} INFO - Snowflake Connector for Python Version: 3.11.0, Python Version: 3.12.4, Platform: Linux-6.6.87.2-microsoft-standard-WSL2-x86_64-with-glibc2.36
[2026-06-08T03:33:24.025+0000] {connection.py:1258} INFO - This connection is in OCSP Fail Open Mode. TLS Certificates would be checked for validity and revocation status. Any other Certificate Revocation related exceptions or OCSP Responder failures would be disregarded in favor of connectivity.
[2026-06-08T03:33:26.808+0000] {cursor.py:1149} INFO - Number of results in first chunk: 1
[2026-06-08T03:33:26.929+0000] {cursor.py:1149} INFO - Number of results in first chunk: 1
[2026-06-08T03:33:27.069+0000] {cursor.py:1149} INFO - Number of results in first chunk: 1
[2026-06-08T03:57:55.103+0000] {local_task_job_runner.py:124} ERROR - Received SIGTERM. Terminating subprocesses
[2026-06-08T03:57:55.699+0000] {process_utils.py:132} INFO - Sending 15 to group 1654. PIDs of all processes in the group: [1654]
[2026-06-08T03:57:55.733+0000] {process_utils.py:87} INFO - Sending the signal 15 to group 1654
[2026-06-08T03:57:55.810+0000] {taskinstance.py:2611} ERROR - Received SIGTERM. Terminating subprocesses.
