[2026-06-08T04:02:17.948+0000] {local_task_job_runner.py:120} INFO - ::group::Pre task execution logs
[2026-06-08T04:02:17.995+0000] {taskinstance.py:2076} INFO - Dependencies all met for dep_context=non-requeueable deps ti=<TaskInstance: spotify_minio_to_snowflake_bronze.extract_data scheduled__2026-06-08T03:00:00+00:00 [queued]>
[2026-06-08T04:02:18.005+0000] {taskinstance.py:2076} INFO - Dependencies all met for dep_context=requeueable deps ti=<TaskInstance: spotify_minio_to_snowflake_bronze.extract_data scheduled__2026-06-08T03:00:00+00:00 [queued]>
[2026-06-08T04:02:18.007+0000] {taskinstance.py:2306} INFO - Starting attempt 1 of 2
[2026-06-08T04:02:18.025+0000] {taskinstance.py:2330} INFO - Executing <Task(PythonOperator): extract_data> on 2026-06-08 03:00:00+00:00
[2026-06-08T04:02:18.033+0000] {standard_task_runner.py:90} INFO - Running: ['***', 'tasks', 'run', 'spotify_minio_to_snowflake_bronze', 'extract_data', 'scheduled__2026-06-08T03:00:00+00:00', '--job-id', '78', '--raw', '--subdir', 'DAGS_FOLDER/minio-to-snowflake.py', '--cfg-path', '/tmp/tmpmqxststn']
[2026-06-08T04:02:18.036+0000] {standard_task_runner.py:91} INFO - Job 78: Subtask extract_data
[2026-06-08T04:02:18.036+0000] {logging_mixin.py:188} WARNING - /home/***/.local/lib/python3.12/site-packages/***/task/task_runner/standard_task_runner.py:62 DeprecationWarning: This process (pid=37) is multi-threaded, use of fork() may lead to deadlocks in the child.
[2026-06-08T04:02:18.037+0000] {standard_task_runner.py:64} INFO - Started process 62 to run task
[2026-06-08T04:02:18.109+0000] {task_command.py:426} INFO - Running <TaskInstance: spotify_minio_to_snowflake_bronze.extract_data scheduled__2026-06-08T03:00:00+00:00 [running]> on host 30613cef2245
[2026-06-08T04:02:18.211+0000] {taskinstance.py:2648} INFO - Exporting env vars: AIRFLOW_CTX_DAG_OWNER='***' AIRFLOW_CTX_DAG_ID='spotify_minio_to_snowflake_bronze' AIRFLOW_CTX_TASK_ID='extract_data' AIRFLOW_CTX_EXECUTION_DATE='2026-06-08T03:00:00+00:00' AIRFLOW_CTX_TRY_NUMBER='1' AIRFLOW_CTX_DAG_RUN_ID='scheduled__2026-06-08T03:00:00+00:00'
[2026-06-08T04:02:18.213+0000] {taskinstance.py:430} INFO - ::endgroup::
[2026-06-08T04:02:18.585+0000] {local_task_job_runner.py:124} ERROR - Received SIGTERM. Terminating subprocesses
[2026-06-08T04:02:18.587+0000] {process_utils.py:132} INFO - Sending 15 to group 62. PIDs of all processes in the group: [62]
[2026-06-08T04:02:18.592+0000] {process_utils.py:87} INFO - Sending the signal 15 to group 62
[2026-06-08T04:02:18.596+0000] {taskinstance.py:2611} ERROR - Received SIGTERM. Terminating subprocesses.
[2026-06-08T04:02:18.597+0000] {taskinstance.py:441} INFO - ::group::Post task execution logs
[2026-06-08T04:02:18.751+0000] {taskinstance.py:2905} ERROR - Task failed with exception
Traceback (most recent call last):
  File "/home/airflow/.local/lib/python3.12/site-packages/airflow/models/taskinstance.py", line 465, in _execute_task
    result = _execute_callable(context=context, **execute_callable_kwargs)
             ^^^^^^^^^^^^^^^^^^^^^^^^^^^^^^^^^^^^^^^^^^^^^^^^^^^^^^^^^^^^^
  File "/home/airflow/.local/lib/python3.12/site-packages/airflow/models/taskinstance.py", line 432, in _execute_callable
    return execute_callable(context=context, **execute_callable_kwargs)
           ^^^^^^^^^^^^^^^^^^^^^^^^^^^^^^^^^^^^^^^^^^^^^^^^^^^^^^^^^^^^
  File "/home/airflow/.local/lib/python3.12/site-packages/airflow/models/baseoperator.py", line 401, in wrapper
    return func(self, *args, **kwargs)
           ^^^^^^^^^^^^^^^^^^^^^^^^^^^
  File "/home/airflow/.local/lib/python3.12/site-packages/airflow/operators/python.py", line 235, in execute
    return_value = self.execute_callable()
                   ^^^^^^^^^^^^^^^^^^^^^^^
  File "/home/airflow/.local/lib/python3.12/site-packages/airflow/operators/python.py", line 252, in execute_callable
    return self.python_callable(*self.op_args, **self.op_kwargs)
           ^^^^^^^^^^^^^^^^^^^^^^^^^^^^^^^^^^^^^^^^^^^^^^^^^^^^^
  File "/opt/airflow/dags/minio-to-snowflake.py", line 159, in extract_from_minio
    return read_from_minio(MINIO_PREFIX_CLEAN, LOCAL_TEMP_PATH)
           ^^^^^^^^^^^^^^^^^^^^^^^^^^^^^^^^^^^^^^^^^^^^^^^^^^^^
  File "/opt/airflow/dags/minio-to-snowflake.py", line 93, in read_from_minio
    s3 = boto3.client(
         ^^^^^^^^^^^^^
  File "/home/airflow/.local/lib/python3.12/site-packages/boto3/__init__.py", line 92, in client
    return _get_default_session().client(*args, **kwargs)
           ^^^^^^^^^^^^^^^^^^^^^^^^^^^^^^^^^^^^^^^^^^^^^^
  File "/home/airflow/.local/lib/python3.12/site-packages/boto3/session.py", line 297, in client
    return self._session.create_client(
           ^^^^^^^^^^^^^^^^^^^^^^^^^^^^
  File "/home/airflow/.local/lib/python3.12/site-packages/botocore/session.py", line 997, in create_client
    client = client_creator.create_client(
             ^^^^^^^^^^^^^^^^^^^^^^^^^^^^^
  File "/home/airflow/.local/lib/python3.12/site-packages/botocore/client.py", line 161, in create_client
    client_args = self._get_client_args(
                  ^^^^^^^^^^^^^^^^^^^^^^
  File "/home/airflow/.local/lib/python3.12/site-packages/botocore/client.py", line 520, in _get_client_args
    return args_creator.get_client_args(
           ^^^^^^^^^^^^^^^^^^^^^^^^^^^^^
  File "/home/airflow/.local/lib/python3.12/site-packages/botocore/args.py", line 122, in get_client_args
    event_emitter = copy.copy(self._event_emitter)
                    ^^^^^^^^^^^^^^^^^^^^^^^^^^^^^^
  File "/usr/local/lib/python3.12/copy.py", line 79, in copy
    return copier(x)
           ^^^^^^^^^
  File "/home/airflow/.local/lib/python3.12/site-packages/botocore/hooks.py", line 502, in __copy__
    copy.copy(self._emitter), copy.copy(self._event_aliases)
    ^^^^^^^^^^^^^^^^^^^^^^^^
  File "/usr/local/lib/python3.12/copy.py", line 79, in copy
    return copier(x)
           ^^^^^^^^^
  File "/home/airflow/.local/lib/python3.12/site-packages/botocore/hooks.py", line 396, in __copy__
    new_state['_handlers'] = copy.copy(self._handlers)
                             ^^^^^^^^^^^^^^^^^^^^^^^^^
  File "/usr/local/lib/python3.12/copy.py", line 79, in copy
    return copier(x)
           ^^^^^^^^^
  File "/home/airflow/.local/lib/python3.12/site-packages/botocore/hooks.py", line 644, in __copy__
    copied_attrs = self._recursive_copy(self.__dict__)
                   ^^^^^^^^^^^^^^^^^^^^^^^^^^^^^^^^^^^
  File "/home/airflow/.local/lib/python3.12/site-packages/botocore/hooks.py", line 657, in _recursive_copy
    copied_node[key] = self._recursive_copy(value)
                       ^^^^^^^^^^^^^^^^^^^^^^^^^^^
  File "/home/airflow/.local/lib/python3.12/site-packages/botocore/hooks.py", line 657, in _recursive_copy
    copied_node[key] = self._recursive_copy(value)
                       ^^^^^^^^^^^^^^^^^^^^^^^^^^^
  File "/home/airflow/.local/lib/python3.12/site-packages/botocore/hooks.py", line 657, in _recursive_copy
    copied_node[key] = self._recursive_copy(value)
                       ^^^^^^^^^^^^^^^^^^^^^^^^^^^
  [Previous line repeated 4 more times]
  File "/home/airflow/.local/lib/python3.12/site-packages/botocore/hooks.py", line 655, in _recursive_copy
    copied_node[key] = copy.copy(value)
                       ^^^^^^^^^^^^^^^^
  File "/usr/local/lib/python3.12/copy.py", line 79, in copy
    return copier(x)
           ^^^^^^^^^
  File "/home/airflow/.local/lib/python3.12/site-packages/botocore/hooks.py", line 33, in __copy__
    last_copy = copy.copy(self.last)
                ^^^^^^^^^^^^^^^^^^^^
  File "/usr/local/lib/python3.12/copy.py", line 61, in copy
    def copy(x):
    
  File "/home/airflow/.local/lib/python3.12/site-packages/airflow/models/taskinstance.py", line 2613, in signal_handler
    raise AirflowTaskTerminated("Task received SIGTERM signal")
airflow.exceptions.AirflowTaskTerminated: Task received SIGTERM signal
[2026-06-08T04:02:18.772+0000] {taskinstance.py:1206} INFO - Marking task as UP_FOR_RETRY. dag_id=spotify_minio_to_snowflake_bronze, task_id=extract_data, run_id=scheduled__2026-06-08T03:00:00+00:00, execution_date=20260608T030000, start_date=20260608T040217, end_date=20260608T040218
[2026-06-08T04:02:18.806+0000] {process_utils.py:80} INFO - Process psutil.Process(pid=62, status='terminated', exitcode=2, started='04:02:17') (62) terminated with exit code 2
[2026-06-08T04:02:18.807+0000] {local_task_job_runner.py:243} INFO - Task exited with return code 143
[2026-06-08T04:02:18.825+0000] {taskinstance.py:3503} INFO - 0 downstream tasks scheduled from follow-on schedule check
