[2026-05-21T13:19:24.269+0000] {local_task_job_runner.py:120} INFO - ::group::Pre task execution logs
[2026-05-21T13:19:24.323+0000] {taskinstance.py:2076} INFO - Dependencies all met for dep_context=non-requeueable deps ti=<TaskInstance: spotify_minio_to_snowflake_bronze.extract_data scheduled__2026-05-21T12:00:00+00:00 [queued]>
[2026-05-21T13:19:24.345+0000] {taskinstance.py:2076} INFO - Dependencies all met for dep_context=requeueable deps ti=<TaskInstance: spotify_minio_to_snowflake_bronze.extract_data scheduled__2026-05-21T12:00:00+00:00 [queued]>
[2026-05-21T13:19:24.346+0000] {taskinstance.py:2306} INFO - Starting attempt 1 of 2
[2026-05-21T13:19:24.510+0000] {taskinstance.py:2330} INFO - Executing <Task(PythonOperator): extract_data> on 2026-05-21 12:00:00+00:00
[2026-05-21T13:19:24.603+0000] {standard_task_runner.py:90} INFO - Running: ['***', 'tasks', 'run', 'spotify_minio_to_snowflake_bronze', 'extract_data', 'scheduled__2026-05-21T12:00:00+00:00', '--job-id', '5', '--raw', '--subdir', 'DAGS_FOLDER/minio-to-snowflake.py', '--cfg-path', '/tmp/tmpp_86iwcx']
[2026-05-21T13:19:24.608+0000] {standard_task_runner.py:91} INFO - Job 5: Subtask extract_data
[2026-05-21T13:19:24.609+0000] {logging_mixin.py:188} WARNING - /home/***/.local/lib/python3.12/site-packages/***/task/task_runner/standard_task_runner.py:62 DeprecationWarning: This process (pid=46) is multi-threaded, use of fork() may lead to deadlocks in the child.
[2026-05-21T13:19:24.610+0000] {standard_task_runner.py:64} INFO - Started process 68 to run task
[2026-05-21T13:19:24.975+0000] {task_command.py:426} INFO - Running <TaskInstance: spotify_minio_to_snowflake_bronze.extract_data scheduled__2026-05-21T12:00:00+00:00 [running]> on host 30613cef2245
[2026-05-21T13:19:25.126+0000] {taskinstance.py:2648} INFO - Exporting env vars: AIRFLOW_CTX_DAG_OWNER='***' AIRFLOW_CTX_DAG_ID='spotify_minio_to_snowflake_bronze' AIRFLOW_CTX_TASK_ID='extract_data' AIRFLOW_CTX_EXECUTION_DATE='2026-05-21T12:00:00+00:00' AIRFLOW_CTX_TRY_NUMBER='1' AIRFLOW_CTX_DAG_RUN_ID='scheduled__2026-05-21T12:00:00+00:00'
[2026-05-21T13:19:25.127+0000] {taskinstance.py:430} INFO - ::endgroup::
[2026-05-21T13:19:32.637+0000] {logging_mixin.py:188} INFO - ✅ Extracted 8530 events from MinIO and saved to /tmp/spotify_raw.json
[2026-05-21T13:19:32.641+0000] {python.py:237} INFO - Done. Returned value was: /tmp/spotify_raw.json
[2026-05-21T13:19:32.642+0000] {taskinstance.py:441} INFO - ::group::Post task execution logs
[2026-05-21T13:19:32.673+0000] {taskinstance.py:1206} INFO - Marking task as SUCCESS. dag_id=spotify_minio_to_snowflake_bronze, task_id=extract_data, run_id=scheduled__2026-05-21T12:00:00+00:00, execution_date=20260521T120000, start_date=20260521T131924, end_date=20260521T131932
[2026-05-21T13:19:32.699+0000] {local_task_job_runner.py:243} INFO - Task exited with return code 0
[2026-05-21T13:19:32.717+0000] {taskinstance.py:3503} INFO - 1 downstream tasks scheduled from follow-on schedule check
[2026-05-21T13:19:32.722+0000] {local_task_job_runner.py:222} INFO - ::endgroup::
[2026-05-21T13:28:10.021+0000] {local_task_job_runner.py:120} INFO - ::group::Pre task execution logs
[2026-05-21T13:28:10.041+0000] {taskinstance.py:2076} INFO - Dependencies all met for dep_context=non-requeueable deps ti=<TaskInstance: spotify_minio_to_snowflake_bronze.extract_data scheduled__2026-05-21T12:00:00+00:00 [queued]>
[2026-05-21T13:28:10.047+0000] {taskinstance.py:2076} INFO - Dependencies all met for dep_context=requeueable deps ti=<TaskInstance: spotify_minio_to_snowflake_bronze.extract_data scheduled__2026-05-21T12:00:00+00:00 [queued]>
[2026-05-21T13:28:10.048+0000] {taskinstance.py:2306} INFO - Starting attempt 1 of 2
[2026-05-21T13:28:10.057+0000] {taskinstance.py:2330} INFO - Executing <Task(PythonOperator): extract_data> on 2026-05-21 12:00:00+00:00
[2026-05-21T13:28:10.063+0000] {standard_task_runner.py:90} INFO - Running: ['***', 'tasks', 'run', 'spotify_minio_to_snowflake_bronze', 'extract_data', 'scheduled__2026-05-21T12:00:00+00:00', '--job-id', '14', '--raw', '--subdir', 'DAGS_FOLDER/minio-to-snowflake.py', '--cfg-path', '/tmp/tmp9k7ayjl7']
[2026-05-21T13:28:10.065+0000] {logging_mixin.py:188} WARNING - /home/***/.local/lib/python3.12/site-packages/***/task/task_runner/standard_task_runner.py:62 DeprecationWarning: This process (pid=304) is multi-threaded, use of fork() may lead to deadlocks in the child.
[2026-05-21T13:28:10.067+0000] {standard_task_runner.py:91} INFO - Job 14: Subtask extract_data
[2026-05-21T13:28:10.067+0000] {standard_task_runner.py:64} INFO - Started process 326 to run task
[2026-05-21T13:28:10.122+0000] {task_command.py:426} INFO - Running <TaskInstance: spotify_minio_to_snowflake_bronze.extract_data scheduled__2026-05-21T12:00:00+00:00 [running]> on host 30613cef2245
[2026-05-21T13:28:10.250+0000] {taskinstance.py:2648} INFO - Exporting env vars: AIRFLOW_CTX_DAG_OWNER='***' AIRFLOW_CTX_DAG_ID='spotify_minio_to_snowflake_bronze' AIRFLOW_CTX_TASK_ID='extract_data' AIRFLOW_CTX_EXECUTION_DATE='2026-05-21T12:00:00+00:00' AIRFLOW_CTX_TRY_NUMBER='1' AIRFLOW_CTX_DAG_RUN_ID='scheduled__2026-05-21T12:00:00+00:00'
[2026-05-21T13:28:10.252+0000] {taskinstance.py:430} INFO - ::endgroup::
[2026-05-21T13:28:12.589+0000] {logging_mixin.py:188} INFO - ✅ Extracted 9050 events from MinIO and saved to /tmp/spotify_raw.json
[2026-05-21T13:28:12.593+0000] {python.py:237} INFO - Done. Returned value was: /tmp/spotify_raw.json
[2026-05-21T13:28:12.594+0000] {taskinstance.py:441} INFO - ::group::Post task execution logs
[2026-05-21T13:28:12.623+0000] {taskinstance.py:1206} INFO - Marking task as SUCCESS. dag_id=spotify_minio_to_snowflake_bronze, task_id=extract_data, run_id=scheduled__2026-05-21T12:00:00+00:00, execution_date=20260521T120000, start_date=20260521T132810, end_date=20260521T132812
[2026-05-21T13:28:12.647+0000] {local_task_job_runner.py:243} INFO - Task exited with return code 0
[2026-05-21T13:28:12.663+0000] {taskinstance.py:3503} INFO - 1 downstream tasks scheduled from follow-on schedule check
[2026-05-21T13:28:12.667+0000] {local_task_job_runner.py:222} INFO - ::endgroup::
