[2026-06-08T11:19:31.906+0000] {local_task_job_runner.py:120} INFO - ::group::Pre task execution logs
[2026-06-08T11:19:31.930+0000] {taskinstance.py:2076} INFO - Dependencies all met for dep_context=non-requeueable deps ti=<TaskInstance: spotify_minio_to_snowflake_bronze.load_raw_to_snow_flake scheduled__2026-06-08T02:00:00+00:00 [queued]>
[2026-06-08T11:19:31.938+0000] {taskinstance.py:2076} INFO - Dependencies all met for dep_context=requeueable deps ti=<TaskInstance: spotify_minio_to_snowflake_bronze.load_raw_to_snow_flake scheduled__2026-06-08T02:00:00+00:00 [queued]>
[2026-06-08T11:19:31.938+0000] {taskinstance.py:2306} INFO - Starting attempt 2 of 2
[2026-06-08T11:19:31.951+0000] {taskinstance.py:2330} INFO - Executing <Task(PythonOperator): load_raw_to_snow_flake> on 2026-06-08 02:00:00+00:00
[2026-06-08T11:19:31.964+0000] {standard_task_runner.py:90} INFO - Running: ['***', 'tasks', 'run', 'spotify_minio_to_snowflake_bronze', 'load_raw_to_snow_flake', 'scheduled__2026-06-08T02:00:00+00:00', '--job-id', '107', '--raw', '--subdir', 'DAGS_FOLDER/minio-to-snowflake.py', '--cfg-path', '/tmp/tmpor1zqsz9']
[2026-06-08T11:19:31.966+0000] {standard_task_runner.py:91} INFO - Job 107: Subtask load_raw_to_snow_flake
[2026-06-08T11:19:31.967+0000] {logging_mixin.py:188} WARNING - /home/***/.local/lib/python3.12/site-packages/***/task/task_runner/standard_task_runner.py:62 DeprecationWarning: This process (pid=962) is multi-threaded, use of fork() may lead to deadlocks in the child.
[2026-06-08T11:19:31.968+0000] {standard_task_runner.py:64} INFO - Started process 985 to run task
[2026-06-08T11:19:32.047+0000] {task_command.py:426} INFO - Running <TaskInstance: spotify_minio_to_snowflake_bronze.load_raw_to_snow_flake scheduled__2026-06-08T02:00:00+00:00 [running]> on host 294e4932cb8a
[2026-06-08T11:19:32.125+0000] {taskinstance.py:2648} INFO - Exporting env vars: AIRFLOW_CTX_DAG_OWNER='***' AIRFLOW_CTX_DAG_ID='spotify_minio_to_snowflake_bronze' AIRFLOW_CTX_TASK_ID='load_raw_to_snow_flake' AIRFLOW_CTX_EXECUTION_DATE='2026-06-08T02:00:00+00:00' AIRFLOW_CTX_TRY_NUMBER='2' AIRFLOW_CTX_DAG_RUN_ID='scheduled__2026-06-08T02:00:00+00:00'
[2026-06-08T11:19:32.126+0000] {taskinstance.py:430} INFO - ::endgroup::
[2026-06-08T11:19:32.354+0000] {connection.py:638} INFO - Snowflake Connector for Python Version: 4.6.0, Python Version: 3.12.4, Platform: Linux-6.6.87.2-microsoft-standard-WSL2-x86_64-with-glibc2.36
[2026-06-08T11:19:32.355+0000] {connection.py:1760} INFO - Connecting to GLOBAL Snowflake domain
[2026-06-08T12:45:32.143+0000] {logging_mixin.py:188} INFO - ✅ Loaded 10935 raw records into Snowflake table: SPOTIFY_EVENTS_BRONZE
[2026-06-08T12:45:32.488+0000] {python.py:237} INFO - Done. Returned value was: None
[2026-06-08T12:45:32.494+0000] {taskinstance.py:441} INFO - ::group::Post task execution logs
[2026-06-08T12:45:32.727+0000] {taskinstance.py:1206} INFO - Marking task as SUCCESS. dag_id=spotify_minio_to_snowflake_bronze, task_id=load_raw_to_snow_flake, run_id=scheduled__2026-06-08T02:00:00+00:00, execution_date=20260608T020000, start_date=20260608T111931, end_date=20260608T124532
[2026-06-08T12:45:32.905+0000] {local_task_job_runner.py:243} INFO - Task exited with return code 0
[2026-06-08T12:45:33.260+0000] {taskinstance.py:3503} INFO - 1 downstream tasks scheduled from follow-on schedule check
[2026-06-08T12:45:33.266+0000] {local_task_job_runner.py:222} INFO - ::endgroup::
