[0m21:28:24.919223 [debug] [MainThread]: Sending event: {'category': 'dbt', 'action': 'invocation', 'label': 'start', 'context': [<snowplow_tracker.self_describing_json.SelfDescribingJson object at 0x0000024396B35190>, <snowplow_tracker.self_describing_json.SelfDescribingJson object at 0x0000024397D84A50>, <snowplow_tracker.self_describing_json.SelfDescribingJson object at 0x0000024397D87E50>]}


============================== 21:28:24.923243 | ccb0837a-3e93-4fc8-8a2c-8760e6e9abc7 ==============================
[0m21:28:24.923243 [info ] [MainThread]: Running with dbt=1.11.10
[0m21:28:24.924243 [debug] [MainThread]: running dbt with arguments {'version_check': 'True', 'no_print': 'None', 'static_parser': 'True', 'target_path': 'None', 'warn_error_options': 'WarnErrorOptionsV2(error=[], warn=[], silence=[])', 'printer_width': '80', 'write_json': 'True', 'introspect': 'True', 'log_cache_events': 'False', 'empty': 'None', 'cache_selected_only': 'False', 'log_format': 'default', 'debug': 'False', 'fail_fast': 'False', 'partial_parse': 'True', 'send_anonymous_usage_stats': 'True', 'quiet': 'False', 'warn_error': 'None', 'profiles_dir': 'C:\\Users\\Admin\\.dbt', 'indirect_selection': 'eager', 'use_colors': 'True', 'invocation_command': 'dbt init', 'use_experimental_parser': 'False', 'log_path': 'logs'}
[0m21:28:58.732679 [debug] [MainThread]: Starter project path: D:\cv-core\.venv\Lib\site-packages\dbt\include\starter_project
[0m21:28:59.133680 [info ] [MainThread]: 
Your new dbt project "Phamtan2503" was created!

For more information on how to configure the profiles.yml file,
please consult the dbt documentation here:

  https://docs.getdbt.com/docs/configure-your-profile

One more thing:

Need help? Don't hesitate to reach out to us via GitHub issues or on Slack:

  https://community.getdbt.com/

Happy modeling!

[0m21:28:59.135678 [info ] [MainThread]: Setting up your profile.
[0m21:29:03.019798 [debug] [MainThread]: Snowflake adapter: Setting snowflake.connector to ERROR (file logging only)
[0m21:29:03.020799 [debug] [MainThread]: Snowflake adapter: Setting botocore to ERROR (file logging only)
[0m21:29:03.021717 [debug] [MainThread]: Snowflake adapter: Setting boto3 to ERROR (file logging only)
[0m21:30:37.403925 [info ] [MainThread]: Profile Phamtan2503 written to C:\Users\Admin\.dbt\profiles.yml using target's profile_template.yml and your supplied values. Run 'dbt debug' to validate the connection.
[0m21:30:37.406233 [debug] [MainThread]: Command `dbt init` succeeded at 21:30:37.405664 after 132.57 seconds
[0m21:30:37.406798 [debug] [MainThread]: Sending event: {'category': 'dbt', 'action': 'invocation', 'label': 'end', 'context': [<snowplow_tracker.self_describing_json.SelfDescribingJson object at 0x0000024397DE5810>, <snowplow_tracker.self_describing_json.SelfDescribingJson object at 0x0000024397DE5890>, <snowplow_tracker.self_describing_json.SelfDescribingJson object at 0x0000024395EBF3D0>]}
[0m21:30:37.407991 [debug] [MainThread]: Flushing usage events
[0m21:30:38.691983 [debug] [MainThread]: An error was encountered while trying to flush usage events
