[2026-05-28T02:36:10.125+0000] {processor.py:161} INFO - Started process (PID=1184) to work on /opt/airflow/dags/minio-to-snowflake.py
[2026-05-28T02:36:10.262+0000] {processor.py:830} INFO - Processing file /opt/airflow/dags/minio-to-snowflake.py for tasks to queue
[2026-05-28T02:36:10.369+0000] {logging_mixin.py:188} INFO - [2026-05-28T02:36:10.347+0000] {dagbag.py:545} INFO - Filling up the DagBag from /opt/airflow/dags/minio-to-snowflake.py
[2026-05-28T02:36:40.254+0000] {processor.py:840} INFO - DAG(s) 'spotify_minio_to_snowflake_bronze' retrieved from /opt/airflow/dags/minio-to-snowflake.py
[2026-05-28T02:36:40.941+0000] {logging_mixin.py:188} INFO - [2026-05-28T02:36:40.940+0000] {dag.py:3089} INFO - Sync 1 DAGs
[2026-05-28T02:36:40.961+0000] {logging_mixin.py:188} INFO - [2026-05-28T02:36:40.961+0000] {dag.py:3947} INFO - Setting next_dagrun for spotify_minio_to_snowflake_bronze to 2026-05-28 01:00:00+00:00, run_after=2026-05-28 02:00:00+00:00
[2026-05-28T02:36:41.168+0000] {processor.py:183} INFO - Processing /opt/airflow/dags/minio-to-snowflake.py took 31.216 seconds
[2026-05-28T02:37:13.811+0000] {processor.py:161} INFO - Started process (PID=1209) to work on /opt/airflow/dags/minio-to-snowflake.py
[2026-05-28T02:37:13.818+0000] {processor.py:830} INFO - Processing file /opt/airflow/dags/minio-to-snowflake.py for tasks to queue
[2026-05-28T02:37:13.832+0000] {logging_mixin.py:188} INFO - [2026-05-28T02:37:13.826+0000] {dagbag.py:545} INFO - Filling up the DagBag from /opt/airflow/dags/minio-to-snowflake.py
[2026-05-28T02:37:18.448+0000] {processor.py:840} INFO - DAG(s) 'spotify_minio_to_snowflake_bronze' retrieved from /opt/airflow/dags/minio-to-snowflake.py
[2026-05-28T02:37:18.478+0000] {logging_mixin.py:188} INFO - [2026-05-28T02:37:18.477+0000] {dag.py:3089} INFO - Sync 1 DAGs
[2026-05-28T02:37:18.500+0000] {logging_mixin.py:188} INFO - [2026-05-28T02:37:18.500+0000] {dag.py:3947} INFO - Setting next_dagrun for spotify_minio_to_snowflake_bronze to 2026-05-28 01:00:00+00:00, run_after=2026-05-28 02:00:00+00:00
[2026-05-28T02:37:18.616+0000] {processor.py:183} INFO - Processing /opt/airflow/dags/minio-to-snowflake.py took 5.093 seconds
[2026-05-28T02:37:48.836+0000] {processor.py:161} INFO - Started process (PID=1212) to work on /opt/airflow/dags/minio-to-snowflake.py
[2026-05-28T02:37:48.837+0000] {processor.py:830} INFO - Processing file /opt/airflow/dags/minio-to-snowflake.py for tasks to queue
[2026-05-28T02:37:48.838+0000] {logging_mixin.py:188} INFO - [2026-05-28T02:37:48.838+0000] {dagbag.py:545} INFO - Filling up the DagBag from /opt/airflow/dags/minio-to-snowflake.py
[2026-05-28T02:37:49.562+0000] {processor.py:840} INFO - DAG(s) 'spotify_minio_to_snowflake_bronze' retrieved from /opt/airflow/dags/minio-to-snowflake.py
[2026-05-28T02:37:49.582+0000] {logging_mixin.py:188} INFO - [2026-05-28T02:37:49.582+0000] {dag.py:3089} INFO - Sync 1 DAGs
[2026-05-28T02:37:49.599+0000] {logging_mixin.py:188} INFO - [2026-05-28T02:37:49.599+0000] {dag.py:3947} INFO - Setting next_dagrun for spotify_minio_to_snowflake_bronze to 2026-05-28 01:00:00+00:00, run_after=2026-05-28 02:00:00+00:00
[2026-05-28T02:37:49.742+0000] {processor.py:183} INFO - Processing /opt/airflow/dags/minio-to-snowflake.py took 0.912 seconds
[2026-05-28T02:38:20.154+0000] {processor.py:161} INFO - Started process (PID=1215) to work on /opt/airflow/dags/minio-to-snowflake.py
[2026-05-28T02:38:20.157+0000] {processor.py:830} INFO - Processing file /opt/airflow/dags/minio-to-snowflake.py for tasks to queue
[2026-05-28T02:38:20.160+0000] {logging_mixin.py:188} INFO - [2026-05-28T02:38:20.160+0000] {dagbag.py:545} INFO - Filling up the DagBag from /opt/airflow/dags/minio-to-snowflake.py
[2026-05-28T02:38:20.721+0000] {processor.py:840} INFO - DAG(s) 'spotify_minio_to_snowflake_bronze' retrieved from /opt/airflow/dags/minio-to-snowflake.py
[2026-05-28T02:38:20.741+0000] {logging_mixin.py:188} INFO - [2026-05-28T02:38:20.740+0000] {dag.py:3089} INFO - Sync 1 DAGs
[2026-05-28T02:38:20.755+0000] {logging_mixin.py:188} INFO - [2026-05-28T02:38:20.755+0000] {dag.py:3947} INFO - Setting next_dagrun for spotify_minio_to_snowflake_bronze to 2026-05-28 01:00:00+00:00, run_after=2026-05-28 02:00:00+00:00
[2026-05-28T02:38:20.771+0000] {processor.py:183} INFO - Processing /opt/airflow/dags/minio-to-snowflake.py took 0.623 seconds
[2026-05-28T02:38:50.847+0000] {processor.py:161} INFO - Started process (PID=1218) to work on /opt/airflow/dags/minio-to-snowflake.py
[2026-05-28T02:38:50.849+0000] {processor.py:830} INFO - Processing file /opt/airflow/dags/minio-to-snowflake.py for tasks to queue
[2026-05-28T02:38:50.850+0000] {logging_mixin.py:188} INFO - [2026-05-28T02:38:50.850+0000] {dagbag.py:545} INFO - Filling up the DagBag from /opt/airflow/dags/minio-to-snowflake.py
[2026-05-28T02:38:51.428+0000] {processor.py:840} INFO - DAG(s) 'spotify_minio_to_snowflake_bronze' retrieved from /opt/airflow/dags/minio-to-snowflake.py
[2026-05-28T02:38:51.447+0000] {logging_mixin.py:188} INFO - [2026-05-28T02:38:51.446+0000] {dag.py:3089} INFO - Sync 1 DAGs
[2026-05-28T02:38:51.463+0000] {logging_mixin.py:188} INFO - [2026-05-28T02:38:51.463+0000] {dag.py:3947} INFO - Setting next_dagrun for spotify_minio_to_snowflake_bronze to 2026-05-28 01:00:00+00:00, run_after=2026-05-28 02:00:00+00:00
[2026-05-28T02:38:51.483+0000] {processor.py:183} INFO - Processing /opt/airflow/dags/minio-to-snowflake.py took 0.640 seconds
[2026-05-28T02:39:21.824+0000] {processor.py:161} INFO - Started process (PID=1221) to work on /opt/airflow/dags/minio-to-snowflake.py
[2026-05-28T02:39:21.827+0000] {processor.py:830} INFO - Processing file /opt/airflow/dags/minio-to-snowflake.py for tasks to queue
[2026-05-28T02:39:21.828+0000] {logging_mixin.py:188} INFO - [2026-05-28T02:39:21.828+0000] {dagbag.py:545} INFO - Filling up the DagBag from /opt/airflow/dags/minio-to-snowflake.py
[2026-05-28T02:39:22.424+0000] {processor.py:840} INFO - DAG(s) 'spotify_minio_to_snowflake_bronze' retrieved from /opt/airflow/dags/minio-to-snowflake.py
[2026-05-28T02:39:22.444+0000] {logging_mixin.py:188} INFO - [2026-05-28T02:39:22.444+0000] {dag.py:3089} INFO - Sync 1 DAGs
[2026-05-28T02:39:22.480+0000] {logging_mixin.py:188} INFO - [2026-05-28T02:39:22.480+0000] {dag.py:3947} INFO - Setting next_dagrun for spotify_minio_to_snowflake_bronze to 2026-05-28 01:00:00+00:00, run_after=2026-05-28 02:00:00+00:00
[2026-05-28T02:39:22.534+0000] {processor.py:183} INFO - Processing /opt/airflow/dags/minio-to-snowflake.py took 0.718 seconds
[2026-05-28T02:39:52.846+0000] {processor.py:161} INFO - Started process (PID=1224) to work on /opt/airflow/dags/minio-to-snowflake.py
[2026-05-28T02:39:52.847+0000] {processor.py:830} INFO - Processing file /opt/airflow/dags/minio-to-snowflake.py for tasks to queue
[2026-05-28T02:39:52.848+0000] {logging_mixin.py:188} INFO - [2026-05-28T02:39:52.848+0000] {dagbag.py:545} INFO - Filling up the DagBag from /opt/airflow/dags/minio-to-snowflake.py
[2026-05-28T02:39:53.443+0000] {processor.py:840} INFO - DAG(s) 'spotify_minio_to_snowflake_bronze' retrieved from /opt/airflow/dags/minio-to-snowflake.py
[2026-05-28T02:39:53.469+0000] {logging_mixin.py:188} INFO - [2026-05-28T02:39:53.468+0000] {dag.py:3089} INFO - Sync 1 DAGs
[2026-05-28T02:39:53.506+0000] {logging_mixin.py:188} INFO - [2026-05-28T02:39:53.506+0000] {dag.py:3947} INFO - Setting next_dagrun for spotify_minio_to_snowflake_bronze to 2026-05-28 01:00:00+00:00, run_after=2026-05-28 02:00:00+00:00
[2026-05-28T02:39:53.555+0000] {processor.py:183} INFO - Processing /opt/airflow/dags/minio-to-snowflake.py took 0.716 seconds
[2026-05-28T02:40:24.027+0000] {processor.py:161} INFO - Started process (PID=1227) to work on /opt/airflow/dags/minio-to-snowflake.py
[2026-05-28T02:40:24.028+0000] {processor.py:830} INFO - Processing file /opt/airflow/dags/minio-to-snowflake.py for tasks to queue
[2026-05-28T02:40:24.029+0000] {logging_mixin.py:188} INFO - [2026-05-28T02:40:24.029+0000] {dagbag.py:545} INFO - Filling up the DagBag from /opt/airflow/dags/minio-to-snowflake.py
[2026-05-28T02:40:24.567+0000] {processor.py:840} INFO - DAG(s) 'spotify_minio_to_snowflake_bronze' retrieved from /opt/airflow/dags/minio-to-snowflake.py
[2026-05-28T02:40:24.588+0000] {logging_mixin.py:188} INFO - [2026-05-28T02:40:24.588+0000] {dag.py:3089} INFO - Sync 1 DAGs
[2026-05-28T02:40:24.603+0000] {logging_mixin.py:188} INFO - [2026-05-28T02:40:24.603+0000] {dag.py:3947} INFO - Setting next_dagrun for spotify_minio_to_snowflake_bronze to 2026-05-28 01:00:00+00:00, run_after=2026-05-28 02:00:00+00:00
[2026-05-28T02:40:24.625+0000] {processor.py:183} INFO - Processing /opt/airflow/dags/minio-to-snowflake.py took 0.605 seconds
[2026-05-28T02:40:55.111+0000] {processor.py:161} INFO - Started process (PID=1230) to work on /opt/airflow/dags/minio-to-snowflake.py
[2026-05-28T02:40:55.115+0000] {processor.py:830} INFO - Processing file /opt/airflow/dags/minio-to-snowflake.py for tasks to queue
[2026-05-28T02:40:55.116+0000] {logging_mixin.py:188} INFO - [2026-05-28T02:40:55.116+0000] {dagbag.py:545} INFO - Filling up the DagBag from /opt/airflow/dags/minio-to-snowflake.py
[2026-05-28T02:40:56.167+0000] {processor.py:840} INFO - DAG(s) 'spotify_minio_to_snowflake_bronze' retrieved from /opt/airflow/dags/minio-to-snowflake.py
[2026-05-28T02:40:56.243+0000] {logging_mixin.py:188} INFO - [2026-05-28T02:40:56.242+0000] {dag.py:3089} INFO - Sync 1 DAGs
[2026-05-28T02:40:56.302+0000] {logging_mixin.py:188} INFO - [2026-05-28T02:40:56.302+0000] {dag.py:3947} INFO - Setting next_dagrun for spotify_minio_to_snowflake_bronze to 2026-05-28 01:00:00+00:00, run_after=2026-05-28 02:00:00+00:00
[2026-05-28T02:40:56.342+0000] {processor.py:183} INFO - Processing /opt/airflow/dags/minio-to-snowflake.py took 1.240 seconds
[2026-05-28T02:41:26.656+0000] {processor.py:161} INFO - Started process (PID=1233) to work on /opt/airflow/dags/minio-to-snowflake.py
[2026-05-28T02:41:26.657+0000] {processor.py:830} INFO - Processing file /opt/airflow/dags/minio-to-snowflake.py for tasks to queue
[2026-05-28T02:41:26.658+0000] {logging_mixin.py:188} INFO - [2026-05-28T02:41:26.658+0000] {dagbag.py:545} INFO - Filling up the DagBag from /opt/airflow/dags/minio-to-snowflake.py
[2026-05-28T02:41:27.159+0000] {processor.py:840} INFO - DAG(s) 'spotify_minio_to_snowflake_bronze' retrieved from /opt/airflow/dags/minio-to-snowflake.py
[2026-05-28T02:41:27.184+0000] {logging_mixin.py:188} INFO - [2026-05-28T02:41:27.183+0000] {dag.py:3089} INFO - Sync 1 DAGs
[2026-05-28T02:41:27.197+0000] {logging_mixin.py:188} INFO - [2026-05-28T02:41:27.197+0000] {dag.py:3947} INFO - Setting next_dagrun for spotify_minio_to_snowflake_bronze to 2026-05-28 01:00:00+00:00, run_after=2026-05-28 02:00:00+00:00
[2026-05-28T02:41:27.211+0000] {processor.py:183} INFO - Processing /opt/airflow/dags/minio-to-snowflake.py took 0.563 seconds
[2026-05-28T02:41:57.578+0000] {processor.py:161} INFO - Started process (PID=1236) to work on /opt/airflow/dags/minio-to-snowflake.py
[2026-05-28T02:41:57.580+0000] {processor.py:830} INFO - Processing file /opt/airflow/dags/minio-to-snowflake.py for tasks to queue
[2026-05-28T02:41:57.584+0000] {logging_mixin.py:188} INFO - [2026-05-28T02:41:57.584+0000] {dagbag.py:545} INFO - Filling up the DagBag from /opt/airflow/dags/minio-to-snowflake.py
[2026-05-28T02:41:58.196+0000] {processor.py:840} INFO - DAG(s) 'spotify_minio_to_snowflake_bronze' retrieved from /opt/airflow/dags/minio-to-snowflake.py
[2026-05-28T02:41:58.235+0000] {logging_mixin.py:188} INFO - [2026-05-28T02:41:58.234+0000] {dag.py:3089} INFO - Sync 1 DAGs
[2026-05-28T02:41:58.270+0000] {logging_mixin.py:188} INFO - [2026-05-28T02:41:58.270+0000] {dag.py:3947} INFO - Setting next_dagrun for spotify_minio_to_snowflake_bronze to 2026-05-28 01:00:00+00:00, run_after=2026-05-28 02:00:00+00:00
[2026-05-28T02:41:58.302+0000] {processor.py:183} INFO - Processing /opt/airflow/dags/minio-to-snowflake.py took 0.731 seconds
[2026-05-28T02:42:28.597+0000] {processor.py:161} INFO - Started process (PID=1239) to work on /opt/airflow/dags/minio-to-snowflake.py
[2026-05-28T02:42:28.598+0000] {processor.py:830} INFO - Processing file /opt/airflow/dags/minio-to-snowflake.py for tasks to queue
[2026-05-28T02:42:28.600+0000] {logging_mixin.py:188} INFO - [2026-05-28T02:42:28.599+0000] {dagbag.py:545} INFO - Filling up the DagBag from /opt/airflow/dags/minio-to-snowflake.py
[2026-05-28T02:42:29.130+0000] {processor.py:840} INFO - DAG(s) 'spotify_minio_to_snowflake_bronze' retrieved from /opt/airflow/dags/minio-to-snowflake.py
[2026-05-28T02:42:29.169+0000] {logging_mixin.py:188} INFO - [2026-05-28T02:42:29.169+0000] {dag.py:3089} INFO - Sync 1 DAGs
[2026-05-28T02:42:29.182+0000] {logging_mixin.py:188} INFO - [2026-05-28T02:42:29.182+0000] {dag.py:3947} INFO - Setting next_dagrun for spotify_minio_to_snowflake_bronze to 2026-05-28 01:00:00+00:00, run_after=2026-05-28 02:00:00+00:00
[2026-05-28T02:42:29.196+0000] {processor.py:183} INFO - Processing /opt/airflow/dags/minio-to-snowflake.py took 0.604 seconds
[2026-05-28T02:42:59.452+0000] {processor.py:161} INFO - Started process (PID=1242) to work on /opt/airflow/dags/minio-to-snowflake.py
[2026-05-28T02:42:59.453+0000] {processor.py:830} INFO - Processing file /opt/airflow/dags/minio-to-snowflake.py for tasks to queue
[2026-05-28T02:42:59.454+0000] {logging_mixin.py:188} INFO - [2026-05-28T02:42:59.454+0000] {dagbag.py:545} INFO - Filling up the DagBag from /opt/airflow/dags/minio-to-snowflake.py
[2026-05-28T02:43:00.057+0000] {processor.py:840} INFO - DAG(s) 'spotify_minio_to_snowflake_bronze' retrieved from /opt/airflow/dags/minio-to-snowflake.py
[2026-05-28T02:43:00.089+0000] {logging_mixin.py:188} INFO - [2026-05-28T02:43:00.089+0000] {dag.py:3089} INFO - Sync 1 DAGs
[2026-05-28T02:43:00.116+0000] {logging_mixin.py:188} INFO - [2026-05-28T02:43:00.116+0000] {dag.py:3947} INFO - Setting next_dagrun for spotify_minio_to_snowflake_bronze to 2026-05-28 01:00:00+00:00, run_after=2026-05-28 02:00:00+00:00
[2026-05-28T02:43:00.137+0000] {processor.py:183} INFO - Processing /opt/airflow/dags/minio-to-snowflake.py took 0.692 seconds
[2026-05-28T02:43:30.431+0000] {processor.py:161} INFO - Started process (PID=1245) to work on /opt/airflow/dags/minio-to-snowflake.py
[2026-05-28T02:43:30.432+0000] {processor.py:830} INFO - Processing file /opt/airflow/dags/minio-to-snowflake.py for tasks to queue
[2026-05-28T02:43:30.433+0000] {logging_mixin.py:188} INFO - [2026-05-28T02:43:30.432+0000] {dagbag.py:545} INFO - Filling up the DagBag from /opt/airflow/dags/minio-to-snowflake.py
[2026-05-28T02:43:30.940+0000] {processor.py:840} INFO - DAG(s) 'spotify_minio_to_snowflake_bronze' retrieved from /opt/airflow/dags/minio-to-snowflake.py
[2026-05-28T02:43:30.969+0000] {logging_mixin.py:188} INFO - [2026-05-28T02:43:30.969+0000] {dag.py:3089} INFO - Sync 1 DAGs
[2026-05-28T02:43:30.983+0000] {logging_mixin.py:188} INFO - [2026-05-28T02:43:30.983+0000] {dag.py:3947} INFO - Setting next_dagrun for spotify_minio_to_snowflake_bronze to 2026-05-28 01:00:00+00:00, run_after=2026-05-28 02:00:00+00:00
[2026-05-28T02:43:30.998+0000] {processor.py:183} INFO - Processing /opt/airflow/dags/minio-to-snowflake.py took 0.572 seconds
[2026-05-28T02:44:01.310+0000] {processor.py:161} INFO - Started process (PID=1248) to work on /opt/airflow/dags/minio-to-snowflake.py
[2026-05-28T02:44:01.311+0000] {processor.py:830} INFO - Processing file /opt/airflow/dags/minio-to-snowflake.py for tasks to queue
[2026-05-28T02:44:01.312+0000] {logging_mixin.py:188} INFO - [2026-05-28T02:44:01.312+0000] {dagbag.py:545} INFO - Filling up the DagBag from /opt/airflow/dags/minio-to-snowflake.py
[2026-05-28T02:44:01.807+0000] {processor.py:840} INFO - DAG(s) 'spotify_minio_to_snowflake_bronze' retrieved from /opt/airflow/dags/minio-to-snowflake.py
[2026-05-28T02:44:01.826+0000] {logging_mixin.py:188} INFO - [2026-05-28T02:44:01.825+0000] {dag.py:3089} INFO - Sync 1 DAGs
[2026-05-28T02:44:01.838+0000] {logging_mixin.py:188} INFO - [2026-05-28T02:44:01.837+0000] {dag.py:3947} INFO - Setting next_dagrun for spotify_minio_to_snowflake_bronze to 2026-05-28 01:00:00+00:00, run_after=2026-05-28 02:00:00+00:00
[2026-05-28T02:44:01.851+0000] {processor.py:183} INFO - Processing /opt/airflow/dags/minio-to-snowflake.py took 0.545 seconds
[2026-05-28T02:44:32.173+0000] {processor.py:161} INFO - Started process (PID=1251) to work on /opt/airflow/dags/minio-to-snowflake.py
[2026-05-28T02:44:32.175+0000] {processor.py:830} INFO - Processing file /opt/airflow/dags/minio-to-snowflake.py for tasks to queue
[2026-05-28T02:44:32.176+0000] {logging_mixin.py:188} INFO - [2026-05-28T02:44:32.176+0000] {dagbag.py:545} INFO - Filling up the DagBag from /opt/airflow/dags/minio-to-snowflake.py
[2026-05-28T02:44:32.857+0000] {processor.py:840} INFO - DAG(s) 'spotify_minio_to_snowflake_bronze' retrieved from /opt/airflow/dags/minio-to-snowflake.py
[2026-05-28T02:44:32.889+0000] {logging_mixin.py:188} INFO - [2026-05-28T02:44:32.888+0000] {dag.py:3089} INFO - Sync 1 DAGs
[2026-05-28T02:44:32.902+0000] {logging_mixin.py:188} INFO - [2026-05-28T02:44:32.902+0000] {dag.py:3947} INFO - Setting next_dagrun for spotify_minio_to_snowflake_bronze to 2026-05-28 01:00:00+00:00, run_after=2026-05-28 02:00:00+00:00
[2026-05-28T02:44:32.918+0000] {processor.py:183} INFO - Processing /opt/airflow/dags/minio-to-snowflake.py took 0.752 seconds
[2026-05-28T02:45:03.218+0000] {processor.py:161} INFO - Started process (PID=1254) to work on /opt/airflow/dags/minio-to-snowflake.py
[2026-05-28T02:45:03.219+0000] {processor.py:830} INFO - Processing file /opt/airflow/dags/minio-to-snowflake.py for tasks to queue
[2026-05-28T02:45:03.220+0000] {logging_mixin.py:188} INFO - [2026-05-28T02:45:03.220+0000] {dagbag.py:545} INFO - Filling up the DagBag from /opt/airflow/dags/minio-to-snowflake.py
[2026-05-28T02:45:03.745+0000] {processor.py:840} INFO - DAG(s) 'spotify_minio_to_snowflake_bronze' retrieved from /opt/airflow/dags/minio-to-snowflake.py
[2026-05-28T02:45:03.781+0000] {logging_mixin.py:188} INFO - [2026-05-28T02:45:03.780+0000] {dag.py:3089} INFO - Sync 1 DAGs
[2026-05-28T02:45:03.793+0000] {logging_mixin.py:188} INFO - [2026-05-28T02:45:03.793+0000] {dag.py:3947} INFO - Setting next_dagrun for spotify_minio_to_snowflake_bronze to 2026-05-28 01:00:00+00:00, run_after=2026-05-28 02:00:00+00:00
[2026-05-28T02:45:03.805+0000] {processor.py:183} INFO - Processing /opt/airflow/dags/minio-to-snowflake.py took 0.594 seconds
[2026-05-28T02:45:34.021+0000] {processor.py:161} INFO - Started process (PID=1257) to work on /opt/airflow/dags/minio-to-snowflake.py
[2026-05-28T02:45:34.022+0000] {processor.py:830} INFO - Processing file /opt/airflow/dags/minio-to-snowflake.py for tasks to queue
[2026-05-28T02:45:34.023+0000] {logging_mixin.py:188} INFO - [2026-05-28T02:45:34.023+0000] {dagbag.py:545} INFO - Filling up the DagBag from /opt/airflow/dags/minio-to-snowflake.py
[2026-05-28T02:45:34.563+0000] {processor.py:840} INFO - DAG(s) 'spotify_minio_to_snowflake_bronze' retrieved from /opt/airflow/dags/minio-to-snowflake.py
[2026-05-28T02:45:34.594+0000] {logging_mixin.py:188} INFO - [2026-05-28T02:45:34.593+0000] {dag.py:3089} INFO - Sync 1 DAGs
[2026-05-28T02:45:34.607+0000] {logging_mixin.py:188} INFO - [2026-05-28T02:45:34.607+0000] {dag.py:3947} INFO - Setting next_dagrun for spotify_minio_to_snowflake_bronze to 2026-05-28 01:00:00+00:00, run_after=2026-05-28 02:00:00+00:00
[2026-05-28T02:45:34.621+0000] {processor.py:183} INFO - Processing /opt/airflow/dags/minio-to-snowflake.py took 0.607 seconds
[2026-05-28T02:46:04.926+0000] {processor.py:161} INFO - Started process (PID=1260) to work on /opt/airflow/dags/minio-to-snowflake.py
[2026-05-28T02:46:04.928+0000] {processor.py:830} INFO - Processing file /opt/airflow/dags/minio-to-snowflake.py for tasks to queue
[2026-05-28T02:46:04.929+0000] {logging_mixin.py:188} INFO - [2026-05-28T02:46:04.928+0000] {dagbag.py:545} INFO - Filling up the DagBag from /opt/airflow/dags/minio-to-snowflake.py
[2026-05-28T02:46:05.483+0000] {processor.py:840} INFO - DAG(s) 'spotify_minio_to_snowflake_bronze' retrieved from /opt/airflow/dags/minio-to-snowflake.py
[2026-05-28T02:46:05.499+0000] {logging_mixin.py:188} INFO - [2026-05-28T02:46:05.498+0000] {dag.py:3089} INFO - Sync 1 DAGs
[2026-05-28T02:46:05.512+0000] {logging_mixin.py:188} INFO - [2026-05-28T02:46:05.512+0000] {dag.py:3947} INFO - Setting next_dagrun for spotify_minio_to_snowflake_bronze to 2026-05-28 01:00:00+00:00, run_after=2026-05-28 02:00:00+00:00
[2026-05-28T02:46:05.531+0000] {processor.py:183} INFO - Processing /opt/airflow/dags/minio-to-snowflake.py took 0.610 seconds
[2026-05-28T02:46:35.641+0000] {processor.py:161} INFO - Started process (PID=1263) to work on /opt/airflow/dags/minio-to-snowflake.py
[2026-05-28T02:46:35.642+0000] {processor.py:830} INFO - Processing file /opt/airflow/dags/minio-to-snowflake.py for tasks to queue
[2026-05-28T02:46:35.643+0000] {logging_mixin.py:188} INFO - [2026-05-28T02:46:35.643+0000] {dagbag.py:545} INFO - Filling up the DagBag from /opt/airflow/dags/minio-to-snowflake.py
[2026-05-28T02:46:36.150+0000] {processor.py:840} INFO - DAG(s) 'spotify_minio_to_snowflake_bronze' retrieved from /opt/airflow/dags/minio-to-snowflake.py
[2026-05-28T02:46:36.170+0000] {logging_mixin.py:188} INFO - [2026-05-28T02:46:36.170+0000] {dag.py:3089} INFO - Sync 1 DAGs
[2026-05-28T02:46:36.184+0000] {logging_mixin.py:188} INFO - [2026-05-28T02:46:36.184+0000] {dag.py:3947} INFO - Setting next_dagrun for spotify_minio_to_snowflake_bronze to 2026-05-28 01:00:00+00:00, run_after=2026-05-28 02:00:00+00:00
[2026-05-28T02:46:36.201+0000] {processor.py:183} INFO - Processing /opt/airflow/dags/minio-to-snowflake.py took 0.564 seconds
[2026-05-28T02:47:06.468+0000] {processor.py:161} INFO - Started process (PID=1266) to work on /opt/airflow/dags/minio-to-snowflake.py
[2026-05-28T02:47:06.469+0000] {processor.py:830} INFO - Processing file /opt/airflow/dags/minio-to-snowflake.py for tasks to queue
[2026-05-28T02:47:06.470+0000] {logging_mixin.py:188} INFO - [2026-05-28T02:47:06.470+0000] {dagbag.py:545} INFO - Filling up the DagBag from /opt/airflow/dags/minio-to-snowflake.py
[2026-05-28T02:47:07.004+0000] {processor.py:840} INFO - DAG(s) 'spotify_minio_to_snowflake_bronze' retrieved from /opt/airflow/dags/minio-to-snowflake.py
[2026-05-28T02:47:07.027+0000] {logging_mixin.py:188} INFO - [2026-05-28T02:47:07.026+0000] {dag.py:3089} INFO - Sync 1 DAGs
[2026-05-28T02:47:07.042+0000] {logging_mixin.py:188} INFO - [2026-05-28T02:47:07.042+0000] {dag.py:3947} INFO - Setting next_dagrun for spotify_minio_to_snowflake_bronze to 2026-05-28 01:00:00+00:00, run_after=2026-05-28 02:00:00+00:00
[2026-05-28T02:47:07.058+0000] {processor.py:183} INFO - Processing /opt/airflow/dags/minio-to-snowflake.py took 0.595 seconds
[2026-05-28T02:47:37.382+0000] {processor.py:161} INFO - Started process (PID=1269) to work on /opt/airflow/dags/minio-to-snowflake.py
[2026-05-28T02:47:37.393+0000] {processor.py:830} INFO - Processing file /opt/airflow/dags/minio-to-snowflake.py for tasks to queue
[2026-05-28T02:47:37.396+0000] {logging_mixin.py:188} INFO - [2026-05-28T02:47:37.395+0000] {dagbag.py:545} INFO - Filling up the DagBag from /opt/airflow/dags/minio-to-snowflake.py
[2026-05-28T02:47:39.976+0000] {processor.py:840} INFO - DAG(s) 'spotify_minio_to_snowflake_bronze' retrieved from /opt/airflow/dags/minio-to-snowflake.py
[2026-05-28T02:47:40.024+0000] {logging_mixin.py:188} INFO - [2026-05-28T02:47:40.023+0000] {dag.py:3089} INFO - Sync 1 DAGs
[2026-05-28T02:47:40.055+0000] {logging_mixin.py:188} INFO - [2026-05-28T02:47:40.055+0000] {dag.py:3947} INFO - Setting next_dagrun for spotify_minio_to_snowflake_bronze to 2026-05-28 01:00:00+00:00, run_after=2026-05-28 02:00:00+00:00
[2026-05-28T02:47:40.076+0000] {processor.py:183} INFO - Processing /opt/airflow/dags/minio-to-snowflake.py took 2.780 seconds
[2026-05-28T02:48:10.326+0000] {processor.py:161} INFO - Started process (PID=1272) to work on /opt/airflow/dags/minio-to-snowflake.py
[2026-05-28T02:48:10.327+0000] {processor.py:830} INFO - Processing file /opt/airflow/dags/minio-to-snowflake.py for tasks to queue
[2026-05-28T02:48:10.328+0000] {logging_mixin.py:188} INFO - [2026-05-28T02:48:10.327+0000] {dagbag.py:545} INFO - Filling up the DagBag from /opt/airflow/dags/minio-to-snowflake.py
[2026-05-28T02:48:10.895+0000] {processor.py:840} INFO - DAG(s) 'spotify_minio_to_snowflake_bronze' retrieved from /opt/airflow/dags/minio-to-snowflake.py
[2026-05-28T02:48:10.916+0000] {logging_mixin.py:188} INFO - [2026-05-28T02:48:10.915+0000] {dag.py:3089} INFO - Sync 1 DAGs
[2026-05-28T02:48:10.931+0000] {logging_mixin.py:188} INFO - [2026-05-28T02:48:10.931+0000] {dag.py:3947} INFO - Setting next_dagrun for spotify_minio_to_snowflake_bronze to 2026-05-28 01:00:00+00:00, run_after=2026-05-28 02:00:00+00:00
[2026-05-28T02:48:10.947+0000] {processor.py:183} INFO - Processing /opt/airflow/dags/minio-to-snowflake.py took 0.625 seconds
[2026-05-28T02:48:41.268+0000] {processor.py:161} INFO - Started process (PID=1275) to work on /opt/airflow/dags/minio-to-snowflake.py
[2026-05-28T02:48:41.269+0000] {processor.py:830} INFO - Processing file /opt/airflow/dags/minio-to-snowflake.py for tasks to queue
[2026-05-28T02:48:41.271+0000] {logging_mixin.py:188} INFO - [2026-05-28T02:48:41.271+0000] {dagbag.py:545} INFO - Filling up the DagBag from /opt/airflow/dags/minio-to-snowflake.py
[2026-05-28T02:48:41.806+0000] {processor.py:840} INFO - DAG(s) 'spotify_minio_to_snowflake_bronze' retrieved from /opt/airflow/dags/minio-to-snowflake.py
[2026-05-28T02:48:41.825+0000] {logging_mixin.py:188} INFO - [2026-05-28T02:48:41.824+0000] {dag.py:3089} INFO - Sync 1 DAGs
[2026-05-28T02:48:41.838+0000] {logging_mixin.py:188} INFO - [2026-05-28T02:48:41.838+0000] {dag.py:3947} INFO - Setting next_dagrun for spotify_minio_to_snowflake_bronze to 2026-05-28 01:00:00+00:00, run_after=2026-05-28 02:00:00+00:00
[2026-05-28T02:48:41.853+0000] {processor.py:183} INFO - Processing /opt/airflow/dags/minio-to-snowflake.py took 0.589 seconds
[2026-05-28T02:49:11.994+0000] {processor.py:161} INFO - Started process (PID=1278) to work on /opt/airflow/dags/minio-to-snowflake.py
[2026-05-28T02:49:11.995+0000] {processor.py:830} INFO - Processing file /opt/airflow/dags/minio-to-snowflake.py for tasks to queue
[2026-05-28T02:49:11.995+0000] {logging_mixin.py:188} INFO - [2026-05-28T02:49:11.995+0000] {dagbag.py:545} INFO - Filling up the DagBag from /opt/airflow/dags/minio-to-snowflake.py
[2026-05-28T02:49:12.527+0000] {processor.py:840} INFO - DAG(s) 'spotify_minio_to_snowflake_bronze' retrieved from /opt/airflow/dags/minio-to-snowflake.py
[2026-05-28T02:49:12.547+0000] {logging_mixin.py:188} INFO - [2026-05-28T02:49:12.547+0000] {dag.py:3089} INFO - Sync 1 DAGs
[2026-05-28T02:49:12.562+0000] {logging_mixin.py:188} INFO - [2026-05-28T02:49:12.562+0000] {dag.py:3947} INFO - Setting next_dagrun for spotify_minio_to_snowflake_bronze to 2026-05-28 01:00:00+00:00, run_after=2026-05-28 02:00:00+00:00
[2026-05-28T02:49:12.577+0000] {processor.py:183} INFO - Processing /opt/airflow/dags/minio-to-snowflake.py took 0.588 seconds
[2026-05-28T02:49:42.896+0000] {processor.py:161} INFO - Started process (PID=1281) to work on /opt/airflow/dags/minio-to-snowflake.py
[2026-05-28T02:49:42.897+0000] {processor.py:830} INFO - Processing file /opt/airflow/dags/minio-to-snowflake.py for tasks to queue
[2026-05-28T02:49:42.899+0000] {logging_mixin.py:188} INFO - [2026-05-28T02:49:42.898+0000] {dagbag.py:545} INFO - Filling up the DagBag from /opt/airflow/dags/minio-to-snowflake.py
[2026-05-28T02:49:43.413+0000] {processor.py:840} INFO - DAG(s) 'spotify_minio_to_snowflake_bronze' retrieved from /opt/airflow/dags/minio-to-snowflake.py
[2026-05-28T02:49:43.429+0000] {logging_mixin.py:188} INFO - [2026-05-28T02:49:43.429+0000] {dag.py:3089} INFO - Sync 1 DAGs
[2026-05-28T02:49:43.442+0000] {logging_mixin.py:188} INFO - [2026-05-28T02:49:43.442+0000] {dag.py:3947} INFO - Setting next_dagrun for spotify_minio_to_snowflake_bronze to 2026-05-28 01:00:00+00:00, run_after=2026-05-28 02:00:00+00:00
[2026-05-28T02:49:43.457+0000] {processor.py:183} INFO - Processing /opt/airflow/dags/minio-to-snowflake.py took 0.566 seconds
[2026-05-28T02:50:13.606+0000] {processor.py:161} INFO - Started process (PID=1284) to work on /opt/airflow/dags/minio-to-snowflake.py
[2026-05-28T02:50:13.607+0000] {processor.py:830} INFO - Processing file /opt/airflow/dags/minio-to-snowflake.py for tasks to queue
[2026-05-28T02:50:13.608+0000] {logging_mixin.py:188} INFO - [2026-05-28T02:50:13.608+0000] {dagbag.py:545} INFO - Filling up the DagBag from /opt/airflow/dags/minio-to-snowflake.py
[2026-05-28T02:50:14.227+0000] {processor.py:840} INFO - DAG(s) 'spotify_minio_to_snowflake_bronze' retrieved from /opt/airflow/dags/minio-to-snowflake.py
[2026-05-28T02:50:14.248+0000] {logging_mixin.py:188} INFO - [2026-05-28T02:50:14.248+0000] {dag.py:3089} INFO - Sync 1 DAGs
[2026-05-28T02:50:14.263+0000] {logging_mixin.py:188} INFO - [2026-05-28T02:50:14.263+0000] {dag.py:3947} INFO - Setting next_dagrun for spotify_minio_to_snowflake_bronze to 2026-05-28 01:00:00+00:00, run_after=2026-05-28 02:00:00+00:00
[2026-05-28T02:50:14.279+0000] {processor.py:183} INFO - Processing /opt/airflow/dags/minio-to-snowflake.py took 0.679 seconds
[2026-05-28T02:50:44.551+0000] {processor.py:161} INFO - Started process (PID=1287) to work on /opt/airflow/dags/minio-to-snowflake.py
[2026-05-28T02:50:44.552+0000] {processor.py:830} INFO - Processing file /opt/airflow/dags/minio-to-snowflake.py for tasks to queue
[2026-05-28T02:50:44.553+0000] {logging_mixin.py:188} INFO - [2026-05-28T02:50:44.553+0000] {dagbag.py:545} INFO - Filling up the DagBag from /opt/airflow/dags/minio-to-snowflake.py
[2026-05-28T02:50:45.118+0000] {processor.py:840} INFO - DAG(s) 'spotify_minio_to_snowflake_bronze' retrieved from /opt/airflow/dags/minio-to-snowflake.py
[2026-05-28T02:50:45.141+0000] {logging_mixin.py:188} INFO - [2026-05-28T02:50:45.141+0000] {dag.py:3089} INFO - Sync 1 DAGs
[2026-05-28T02:50:45.157+0000] {logging_mixin.py:188} INFO - [2026-05-28T02:50:45.157+0000] {dag.py:3947} INFO - Setting next_dagrun for spotify_minio_to_snowflake_bronze to 2026-05-28 01:00:00+00:00, run_after=2026-05-28 02:00:00+00:00
[2026-05-28T02:50:45.175+0000] {processor.py:183} INFO - Processing /opt/airflow/dags/minio-to-snowflake.py took 0.628 seconds
[2026-05-28T02:51:15.534+0000] {processor.py:161} INFO - Started process (PID=1290) to work on /opt/airflow/dags/minio-to-snowflake.py
[2026-05-28T02:51:15.536+0000] {processor.py:830} INFO - Processing file /opt/airflow/dags/minio-to-snowflake.py for tasks to queue
[2026-05-28T02:51:15.538+0000] {logging_mixin.py:188} INFO - [2026-05-28T02:51:15.538+0000] {dagbag.py:545} INFO - Filling up the DagBag from /opt/airflow/dags/minio-to-snowflake.py
[2026-05-28T02:51:16.372+0000] {processor.py:840} INFO - DAG(s) 'spotify_minio_to_snowflake_bronze' retrieved from /opt/airflow/dags/minio-to-snowflake.py
[2026-05-28T02:51:16.405+0000] {logging_mixin.py:188} INFO - [2026-05-28T02:51:16.404+0000] {dag.py:3089} INFO - Sync 1 DAGs
[2026-05-28T02:51:16.436+0000] {logging_mixin.py:188} INFO - [2026-05-28T02:51:16.436+0000] {dag.py:3947} INFO - Setting next_dagrun for spotify_minio_to_snowflake_bronze to 2026-05-28 01:00:00+00:00, run_after=2026-05-28 02:00:00+00:00
[2026-05-28T02:51:16.464+0000] {processor.py:183} INFO - Processing /opt/airflow/dags/minio-to-snowflake.py took 0.942 seconds
[2026-05-28T02:51:46.802+0000] {processor.py:161} INFO - Started process (PID=1293) to work on /opt/airflow/dags/minio-to-snowflake.py
[2026-05-28T02:51:46.805+0000] {processor.py:830} INFO - Processing file /opt/airflow/dags/minio-to-snowflake.py for tasks to queue
[2026-05-28T02:51:46.806+0000] {logging_mixin.py:188} INFO - [2026-05-28T02:51:46.806+0000] {dagbag.py:545} INFO - Filling up the DagBag from /opt/airflow/dags/minio-to-snowflake.py
[2026-05-28T02:51:47.693+0000] {processor.py:840} INFO - DAG(s) 'spotify_minio_to_snowflake_bronze' retrieved from /opt/airflow/dags/minio-to-snowflake.py
[2026-05-28T02:51:47.713+0000] {logging_mixin.py:188} INFO - [2026-05-28T02:51:47.712+0000] {dag.py:3089} INFO - Sync 1 DAGs
[2026-05-28T02:51:47.727+0000] {logging_mixin.py:188} INFO - [2026-05-28T02:51:47.727+0000] {dag.py:3947} INFO - Setting next_dagrun for spotify_minio_to_snowflake_bronze to 2026-05-28 01:00:00+00:00, run_after=2026-05-28 02:00:00+00:00
[2026-05-28T02:51:47.745+0000] {processor.py:183} INFO - Processing /opt/airflow/dags/minio-to-snowflake.py took 0.956 seconds
[2026-05-28T02:52:18.092+0000] {processor.py:161} INFO - Started process (PID=1296) to work on /opt/airflow/dags/minio-to-snowflake.py
[2026-05-28T02:52:18.093+0000] {processor.py:830} INFO - Processing file /opt/airflow/dags/minio-to-snowflake.py for tasks to queue
[2026-05-28T02:52:18.094+0000] {logging_mixin.py:188} INFO - [2026-05-28T02:52:18.094+0000] {dagbag.py:545} INFO - Filling up the DagBag from /opt/airflow/dags/minio-to-snowflake.py
[2026-05-28T02:52:18.641+0000] {processor.py:840} INFO - DAG(s) 'spotify_minio_to_snowflake_bronze' retrieved from /opt/airflow/dags/minio-to-snowflake.py
[2026-05-28T02:52:18.659+0000] {logging_mixin.py:188} INFO - [2026-05-28T02:52:18.658+0000] {dag.py:3089} INFO - Sync 1 DAGs
[2026-05-28T02:52:18.673+0000] {logging_mixin.py:188} INFO - [2026-05-28T02:52:18.673+0000] {dag.py:3947} INFO - Setting next_dagrun for spotify_minio_to_snowflake_bronze to 2026-05-28 01:00:00+00:00, run_after=2026-05-28 02:00:00+00:00
[2026-05-28T02:52:18.694+0000] {processor.py:183} INFO - Processing /opt/airflow/dags/minio-to-snowflake.py took 0.607 seconds
[2026-05-28T02:52:48.994+0000] {processor.py:161} INFO - Started process (PID=1299) to work on /opt/airflow/dags/minio-to-snowflake.py
[2026-05-28T02:52:48.998+0000] {processor.py:830} INFO - Processing file /opt/airflow/dags/minio-to-snowflake.py for tasks to queue
[2026-05-28T02:52:48.999+0000] {logging_mixin.py:188} INFO - [2026-05-28T02:52:48.999+0000] {dagbag.py:545} INFO - Filling up the DagBag from /opt/airflow/dags/minio-to-snowflake.py
[2026-05-28T02:52:49.660+0000] {processor.py:840} INFO - DAG(s) 'spotify_minio_to_snowflake_bronze' retrieved from /opt/airflow/dags/minio-to-snowflake.py
[2026-05-28T02:52:49.677+0000] {logging_mixin.py:188} INFO - [2026-05-28T02:52:49.677+0000] {dag.py:3089} INFO - Sync 1 DAGs
[2026-05-28T02:52:49.691+0000] {logging_mixin.py:188} INFO - [2026-05-28T02:52:49.690+0000] {dag.py:3947} INFO - Setting next_dagrun for spotify_minio_to_snowflake_bronze to 2026-05-28 01:00:00+00:00, run_after=2026-05-28 02:00:00+00:00
[2026-05-28T02:52:49.706+0000] {processor.py:183} INFO - Processing /opt/airflow/dags/minio-to-snowflake.py took 0.718 seconds
[2026-05-28T02:53:20.136+0000] {processor.py:161} INFO - Started process (PID=1302) to work on /opt/airflow/dags/minio-to-snowflake.py
[2026-05-28T02:53:20.137+0000] {processor.py:830} INFO - Processing file /opt/airflow/dags/minio-to-snowflake.py for tasks to queue
[2026-05-28T02:53:20.139+0000] {logging_mixin.py:188} INFO - [2026-05-28T02:53:20.138+0000] {dagbag.py:545} INFO - Filling up the DagBag from /opt/airflow/dags/minio-to-snowflake.py
[2026-05-28T02:53:20.720+0000] {processor.py:840} INFO - DAG(s) 'spotify_minio_to_snowflake_bronze' retrieved from /opt/airflow/dags/minio-to-snowflake.py
[2026-05-28T02:53:20.760+0000] {logging_mixin.py:188} INFO - [2026-05-28T02:53:20.760+0000] {dag.py:3089} INFO - Sync 1 DAGs
[2026-05-28T02:53:20.787+0000] {logging_mixin.py:188} INFO - [2026-05-28T02:53:20.787+0000] {dag.py:3947} INFO - Setting next_dagrun for spotify_minio_to_snowflake_bronze to 2026-05-28 01:00:00+00:00, run_after=2026-05-28 02:00:00+00:00
[2026-05-28T02:53:20.806+0000] {processor.py:183} INFO - Processing /opt/airflow/dags/minio-to-snowflake.py took 0.675 seconds
[2026-05-28T02:53:51.157+0000] {processor.py:161} INFO - Started process (PID=1305) to work on /opt/airflow/dags/minio-to-snowflake.py
[2026-05-28T02:53:51.159+0000] {processor.py:830} INFO - Processing file /opt/airflow/dags/minio-to-snowflake.py for tasks to queue
[2026-05-28T02:53:51.160+0000] {logging_mixin.py:188} INFO - [2026-05-28T02:53:51.159+0000] {dagbag.py:545} INFO - Filling up the DagBag from /opt/airflow/dags/minio-to-snowflake.py
[2026-05-28T02:53:52.082+0000] {processor.py:840} INFO - DAG(s) 'spotify_minio_to_snowflake_bronze' retrieved from /opt/airflow/dags/minio-to-snowflake.py
[2026-05-28T02:53:52.108+0000] {logging_mixin.py:188} INFO - [2026-05-28T02:53:52.107+0000] {dag.py:3089} INFO - Sync 1 DAGs
[2026-05-28T02:53:52.130+0000] {logging_mixin.py:188} INFO - [2026-05-28T02:53:52.129+0000] {dag.py:3947} INFO - Setting next_dagrun for spotify_minio_to_snowflake_bronze to 2026-05-28 01:00:00+00:00, run_after=2026-05-28 02:00:00+00:00
[2026-05-28T02:53:52.150+0000] {processor.py:183} INFO - Processing /opt/airflow/dags/minio-to-snowflake.py took 1.000 seconds
[2026-05-28T02:54:22.395+0000] {processor.py:161} INFO - Started process (PID=1308) to work on /opt/airflow/dags/minio-to-snowflake.py
[2026-05-28T02:54:22.396+0000] {processor.py:830} INFO - Processing file /opt/airflow/dags/minio-to-snowflake.py for tasks to queue
[2026-05-28T02:54:22.397+0000] {logging_mixin.py:188} INFO - [2026-05-28T02:54:22.396+0000] {dagbag.py:545} INFO - Filling up the DagBag from /opt/airflow/dags/minio-to-snowflake.py
[2026-05-28T02:54:22.817+0000] {processor.py:840} INFO - DAG(s) 'spotify_minio_to_snowflake_bronze' retrieved from /opt/airflow/dags/minio-to-snowflake.py
[2026-05-28T02:54:22.837+0000] {logging_mixin.py:188} INFO - [2026-05-28T02:54:22.837+0000] {dag.py:3089} INFO - Sync 1 DAGs
[2026-05-28T02:54:22.854+0000] {logging_mixin.py:188} INFO - [2026-05-28T02:54:22.854+0000] {dag.py:3947} INFO - Setting next_dagrun for spotify_minio_to_snowflake_bronze to 2026-05-28 01:00:00+00:00, run_after=2026-05-28 02:00:00+00:00
[2026-05-28T02:54:22.870+0000] {processor.py:183} INFO - Processing /opt/airflow/dags/minio-to-snowflake.py took 0.479 seconds
[2026-05-28T02:54:53.134+0000] {processor.py:161} INFO - Started process (PID=1311) to work on /opt/airflow/dags/minio-to-snowflake.py
[2026-05-28T02:54:53.135+0000] {processor.py:830} INFO - Processing file /opt/airflow/dags/minio-to-snowflake.py for tasks to queue
[2026-05-28T02:54:53.136+0000] {logging_mixin.py:188} INFO - [2026-05-28T02:54:53.136+0000] {dagbag.py:545} INFO - Filling up the DagBag from /opt/airflow/dags/minio-to-snowflake.py
[2026-05-28T02:54:53.951+0000] {processor.py:840} INFO - DAG(s) 'spotify_minio_to_snowflake_bronze' retrieved from /opt/airflow/dags/minio-to-snowflake.py
[2026-05-28T02:54:53.978+0000] {logging_mixin.py:188} INFO - [2026-05-28T02:54:53.977+0000] {dag.py:3089} INFO - Sync 1 DAGs
[2026-05-28T02:54:53.998+0000] {logging_mixin.py:188} INFO - [2026-05-28T02:54:53.997+0000] {dag.py:3947} INFO - Setting next_dagrun for spotify_minio_to_snowflake_bronze to 2026-05-28 01:00:00+00:00, run_after=2026-05-28 02:00:00+00:00
[2026-05-28T02:54:54.029+0000] {processor.py:183} INFO - Processing /opt/airflow/dags/minio-to-snowflake.py took 0.901 seconds
[2026-05-28T02:55:24.309+0000] {processor.py:161} INFO - Started process (PID=1314) to work on /opt/airflow/dags/minio-to-snowflake.py
[2026-05-28T02:55:24.310+0000] {processor.py:830} INFO - Processing file /opt/airflow/dags/minio-to-snowflake.py for tasks to queue
[2026-05-28T02:55:24.311+0000] {logging_mixin.py:188} INFO - [2026-05-28T02:55:24.311+0000] {dagbag.py:545} INFO - Filling up the DagBag from /opt/airflow/dags/minio-to-snowflake.py
[2026-05-28T02:55:24.785+0000] {processor.py:840} INFO - DAG(s) 'spotify_minio_to_snowflake_bronze' retrieved from /opt/airflow/dags/minio-to-snowflake.py
[2026-05-28T02:55:24.808+0000] {logging_mixin.py:188} INFO - [2026-05-28T02:55:24.808+0000] {dag.py:3089} INFO - Sync 1 DAGs
[2026-05-28T02:55:24.826+0000] {logging_mixin.py:188} INFO - [2026-05-28T02:55:24.826+0000] {dag.py:3947} INFO - Setting next_dagrun for spotify_minio_to_snowflake_bronze to 2026-05-28 01:00:00+00:00, run_after=2026-05-28 02:00:00+00:00
[2026-05-28T02:55:24.843+0000] {processor.py:183} INFO - Processing /opt/airflow/dags/minio-to-snowflake.py took 0.541 seconds
[2026-05-28T02:55:55.157+0000] {processor.py:161} INFO - Started process (PID=1317) to work on /opt/airflow/dags/minio-to-snowflake.py
[2026-05-28T02:55:55.159+0000] {processor.py:830} INFO - Processing file /opt/airflow/dags/minio-to-snowflake.py for tasks to queue
[2026-05-28T02:55:55.160+0000] {logging_mixin.py:188} INFO - [2026-05-28T02:55:55.160+0000] {dagbag.py:545} INFO - Filling up the DagBag from /opt/airflow/dags/minio-to-snowflake.py
[2026-05-28T02:55:55.669+0000] {processor.py:840} INFO - DAG(s) 'spotify_minio_to_snowflake_bronze' retrieved from /opt/airflow/dags/minio-to-snowflake.py
[2026-05-28T02:55:55.696+0000] {logging_mixin.py:188} INFO - [2026-05-28T02:55:55.695+0000] {dag.py:3089} INFO - Sync 1 DAGs
[2026-05-28T02:55:55.720+0000] {logging_mixin.py:188} INFO - [2026-05-28T02:55:55.719+0000] {dag.py:3947} INFO - Setting next_dagrun for spotify_minio_to_snowflake_bronze to 2026-05-28 01:00:00+00:00, run_after=2026-05-28 02:00:00+00:00
[2026-05-28T02:55:55.741+0000] {processor.py:183} INFO - Processing /opt/airflow/dags/minio-to-snowflake.py took 0.589 seconds
[2026-05-28T02:56:25.859+0000] {processor.py:161} INFO - Started process (PID=1320) to work on /opt/airflow/dags/minio-to-snowflake.py
[2026-05-28T02:56:25.860+0000] {processor.py:830} INFO - Processing file /opt/airflow/dags/minio-to-snowflake.py for tasks to queue
[2026-05-28T02:56:25.861+0000] {logging_mixin.py:188} INFO - [2026-05-28T02:56:25.861+0000] {dagbag.py:545} INFO - Filling up the DagBag from /opt/airflow/dags/minio-to-snowflake.py
[2026-05-28T02:56:26.299+0000] {processor.py:840} INFO - DAG(s) 'spotify_minio_to_snowflake_bronze' retrieved from /opt/airflow/dags/minio-to-snowflake.py
[2026-05-28T02:56:26.322+0000] {logging_mixin.py:188} INFO - [2026-05-28T02:56:26.322+0000] {dag.py:3089} INFO - Sync 1 DAGs
[2026-05-28T02:56:26.341+0000] {logging_mixin.py:188} INFO - [2026-05-28T02:56:26.341+0000] {dag.py:3947} INFO - Setting next_dagrun for spotify_minio_to_snowflake_bronze to 2026-05-28 01:00:00+00:00, run_after=2026-05-28 02:00:00+00:00
[2026-05-28T02:56:26.360+0000] {processor.py:183} INFO - Processing /opt/airflow/dags/minio-to-snowflake.py took 0.506 seconds
[2026-05-28T02:56:56.497+0000] {processor.py:161} INFO - Started process (PID=1323) to work on /opt/airflow/dags/minio-to-snowflake.py
[2026-05-28T02:56:56.503+0000] {processor.py:830} INFO - Processing file /opt/airflow/dags/minio-to-snowflake.py for tasks to queue
[2026-05-28T02:56:56.505+0000] {logging_mixin.py:188} INFO - [2026-05-28T02:56:56.504+0000] {dagbag.py:545} INFO - Filling up the DagBag from /opt/airflow/dags/minio-to-snowflake.py
[2026-05-28T02:56:58.412+0000] {processor.py:840} INFO - DAG(s) 'spotify_minio_to_snowflake_bronze' retrieved from /opt/airflow/dags/minio-to-snowflake.py
[2026-05-28T02:56:58.453+0000] {logging_mixin.py:188} INFO - [2026-05-28T02:56:58.452+0000] {dag.py:3089} INFO - Sync 1 DAGs
[2026-05-28T02:56:58.482+0000] {logging_mixin.py:188} INFO - [2026-05-28T02:56:58.481+0000] {dag.py:3947} INFO - Setting next_dagrun for spotify_minio_to_snowflake_bronze to 2026-05-28 01:00:00+00:00, run_after=2026-05-28 02:00:00+00:00
[2026-05-28T02:56:58.507+0000] {processor.py:183} INFO - Processing /opt/airflow/dags/minio-to-snowflake.py took 2.025 seconds
[2026-05-28T02:57:28.776+0000] {processor.py:161} INFO - Started process (PID=1326) to work on /opt/airflow/dags/minio-to-snowflake.py
[2026-05-28T02:57:28.779+0000] {processor.py:830} INFO - Processing file /opt/airflow/dags/minio-to-snowflake.py for tasks to queue
[2026-05-28T02:57:28.780+0000] {logging_mixin.py:188} INFO - [2026-05-28T02:57:28.780+0000] {dagbag.py:545} INFO - Filling up the DagBag from /opt/airflow/dags/minio-to-snowflake.py
[2026-05-28T02:57:29.314+0000] {processor.py:840} INFO - DAG(s) 'spotify_minio_to_snowflake_bronze' retrieved from /opt/airflow/dags/minio-to-snowflake.py
[2026-05-28T02:57:29.344+0000] {logging_mixin.py:188} INFO - [2026-05-28T02:57:29.344+0000] {dag.py:3089} INFO - Sync 1 DAGs
[2026-05-28T02:57:29.372+0000] {logging_mixin.py:188} INFO - [2026-05-28T02:57:29.371+0000] {dag.py:3947} INFO - Setting next_dagrun for spotify_minio_to_snowflake_bronze to 2026-05-28 01:00:00+00:00, run_after=2026-05-28 02:00:00+00:00
[2026-05-28T02:57:29.393+0000] {processor.py:183} INFO - Processing /opt/airflow/dags/minio-to-snowflake.py took 0.624 seconds
[2026-05-28T02:57:59.654+0000] {processor.py:161} INFO - Started process (PID=1329) to work on /opt/airflow/dags/minio-to-snowflake.py
[2026-05-28T02:57:59.655+0000] {processor.py:830} INFO - Processing file /opt/airflow/dags/minio-to-snowflake.py for tasks to queue
[2026-05-28T02:57:59.657+0000] {logging_mixin.py:188} INFO - [2026-05-28T02:57:59.656+0000] {dagbag.py:545} INFO - Filling up the DagBag from /opt/airflow/dags/minio-to-snowflake.py
[2026-05-28T02:58:00.124+0000] {processor.py:840} INFO - DAG(s) 'spotify_minio_to_snowflake_bronze' retrieved from /opt/airflow/dags/minio-to-snowflake.py
[2026-05-28T02:58:00.149+0000] {logging_mixin.py:188} INFO - [2026-05-28T02:58:00.149+0000] {dag.py:3089} INFO - Sync 1 DAGs
[2026-05-28T02:58:00.167+0000] {logging_mixin.py:188} INFO - [2026-05-28T02:58:00.167+0000] {dag.py:3947} INFO - Setting next_dagrun for spotify_minio_to_snowflake_bronze to 2026-05-28 01:00:00+00:00, run_after=2026-05-28 02:00:00+00:00
[2026-05-28T02:58:00.186+0000] {processor.py:183} INFO - Processing /opt/airflow/dags/minio-to-snowflake.py took 0.537 seconds
[2026-05-28T02:58:30.513+0000] {processor.py:161} INFO - Started process (PID=1332) to work on /opt/airflow/dags/minio-to-snowflake.py
[2026-05-28T02:58:30.516+0000] {processor.py:830} INFO - Processing file /opt/airflow/dags/minio-to-snowflake.py for tasks to queue
[2026-05-28T02:58:30.518+0000] {logging_mixin.py:188} INFO - [2026-05-28T02:58:30.518+0000] {dagbag.py:545} INFO - Filling up the DagBag from /opt/airflow/dags/minio-to-snowflake.py
[2026-05-28T02:58:32.524+0000] {processor.py:840} INFO - DAG(s) 'spotify_minio_to_snowflake_bronze' retrieved from /opt/airflow/dags/minio-to-snowflake.py
[2026-05-28T02:58:32.628+0000] {logging_mixin.py:188} INFO - [2026-05-28T02:58:32.626+0000] {dag.py:3089} INFO - Sync 1 DAGs
[2026-05-28T02:58:32.686+0000] {logging_mixin.py:188} INFO - [2026-05-28T02:58:32.686+0000] {dag.py:3947} INFO - Setting next_dagrun for spotify_minio_to_snowflake_bronze to 2026-05-28 01:00:00+00:00, run_after=2026-05-28 02:00:00+00:00
[2026-05-28T02:58:32.719+0000] {processor.py:183} INFO - Processing /opt/airflow/dags/minio-to-snowflake.py took 2.213 seconds
[2026-05-28T02:59:03.012+0000] {processor.py:161} INFO - Started process (PID=1335) to work on /opt/airflow/dags/minio-to-snowflake.py
[2026-05-28T02:59:03.015+0000] {processor.py:830} INFO - Processing file /opt/airflow/dags/minio-to-snowflake.py for tasks to queue
[2026-05-28T02:59:03.016+0000] {logging_mixin.py:188} INFO - [2026-05-28T02:59:03.016+0000] {dagbag.py:545} INFO - Filling up the DagBag from /opt/airflow/dags/minio-to-snowflake.py
[2026-05-28T02:59:03.513+0000] {processor.py:840} INFO - DAG(s) 'spotify_minio_to_snowflake_bronze' retrieved from /opt/airflow/dags/minio-to-snowflake.py
[2026-05-28T02:59:03.538+0000] {logging_mixin.py:188} INFO - [2026-05-28T02:59:03.538+0000] {dag.py:3089} INFO - Sync 1 DAGs
[2026-05-28T02:59:03.557+0000] {logging_mixin.py:188} INFO - [2026-05-28T02:59:03.557+0000] {dag.py:3947} INFO - Setting next_dagrun for spotify_minio_to_snowflake_bronze to 2026-05-28 01:00:00+00:00, run_after=2026-05-28 02:00:00+00:00
[2026-05-28T02:59:03.578+0000] {processor.py:183} INFO - Processing /opt/airflow/dags/minio-to-snowflake.py took 0.573 seconds
[2026-05-28T02:59:33.933+0000] {processor.py:161} INFO - Started process (PID=1338) to work on /opt/airflow/dags/minio-to-snowflake.py
[2026-05-28T02:59:33.938+0000] {processor.py:830} INFO - Processing file /opt/airflow/dags/minio-to-snowflake.py for tasks to queue
[2026-05-28T02:59:33.952+0000] {logging_mixin.py:188} INFO - [2026-05-28T02:59:33.948+0000] {dagbag.py:545} INFO - Filling up the DagBag from /opt/airflow/dags/minio-to-snowflake.py
[2026-05-28T02:59:34.731+0000] {processor.py:840} INFO - DAG(s) 'spotify_minio_to_snowflake_bronze' retrieved from /opt/airflow/dags/minio-to-snowflake.py
[2026-05-28T02:59:34.756+0000] {logging_mixin.py:188} INFO - [2026-05-28T02:59:34.755+0000] {dag.py:3089} INFO - Sync 1 DAGs
[2026-05-28T02:59:34.781+0000] {logging_mixin.py:188} INFO - [2026-05-28T02:59:34.781+0000] {dag.py:3947} INFO - Setting next_dagrun for spotify_minio_to_snowflake_bronze to 2026-05-28 01:00:00+00:00, run_after=2026-05-28 02:00:00+00:00
[2026-05-28T02:59:34.814+0000] {processor.py:183} INFO - Processing /opt/airflow/dags/minio-to-snowflake.py took 0.941 seconds
[2026-05-28T03:00:05.130+0000] {processor.py:161} INFO - Started process (PID=1341) to work on /opt/airflow/dags/minio-to-snowflake.py
[2026-05-28T03:00:05.132+0000] {processor.py:830} INFO - Processing file /opt/airflow/dags/minio-to-snowflake.py for tasks to queue
[2026-05-28T03:00:05.133+0000] {logging_mixin.py:188} INFO - [2026-05-28T03:00:05.133+0000] {dagbag.py:545} INFO - Filling up the DagBag from /opt/airflow/dags/minio-to-snowflake.py
[2026-05-28T03:00:05.994+0000] {processor.py:840} INFO - DAG(s) 'spotify_minio_to_snowflake_bronze' retrieved from /opt/airflow/dags/minio-to-snowflake.py
[2026-05-28T03:00:06.022+0000] {logging_mixin.py:188} INFO - [2026-05-28T03:00:06.022+0000] {dag.py:3089} INFO - Sync 1 DAGs
[2026-05-28T03:00:06.040+0000] {logging_mixin.py:188} INFO - [2026-05-28T03:00:06.040+0000] {dag.py:3947} INFO - Setting next_dagrun for spotify_minio_to_snowflake_bronze to 2026-05-28 02:00:00+00:00, run_after=2026-05-28 03:00:00+00:00
[2026-05-28T03:00:06.063+0000] {processor.py:183} INFO - Processing /opt/airflow/dags/minio-to-snowflake.py took 0.939 seconds
[2026-05-28T03:00:36.335+0000] {processor.py:161} INFO - Started process (PID=1344) to work on /opt/airflow/dags/minio-to-snowflake.py
[2026-05-28T03:00:36.336+0000] {processor.py:830} INFO - Processing file /opt/airflow/dags/minio-to-snowflake.py for tasks to queue
[2026-05-28T03:00:36.337+0000] {logging_mixin.py:188} INFO - [2026-05-28T03:00:36.337+0000] {dagbag.py:545} INFO - Filling up the DagBag from /opt/airflow/dags/minio-to-snowflake.py
[2026-05-28T03:00:36.807+0000] {processor.py:840} INFO - DAG(s) 'spotify_minio_to_snowflake_bronze' retrieved from /opt/airflow/dags/minio-to-snowflake.py
[2026-05-28T03:00:36.832+0000] {logging_mixin.py:188} INFO - [2026-05-28T03:00:36.830+0000] {dag.py:3089} INFO - Sync 1 DAGs
[2026-05-28T03:00:36.852+0000] {logging_mixin.py:188} INFO - [2026-05-28T03:00:36.852+0000] {dag.py:3947} INFO - Setting next_dagrun for spotify_minio_to_snowflake_bronze to 2026-05-28 02:00:00+00:00, run_after=2026-05-28 03:00:00+00:00
[2026-05-28T03:00:36.872+0000] {processor.py:183} INFO - Processing /opt/airflow/dags/minio-to-snowflake.py took 0.543 seconds
[2026-05-28T03:01:07.023+0000] {processor.py:161} INFO - Started process (PID=1347) to work on /opt/airflow/dags/minio-to-snowflake.py
[2026-05-28T03:01:07.025+0000] {processor.py:830} INFO - Processing file /opt/airflow/dags/minio-to-snowflake.py for tasks to queue
[2026-05-28T03:01:07.026+0000] {logging_mixin.py:188} INFO - [2026-05-28T03:01:07.025+0000] {dagbag.py:545} INFO - Filling up the DagBag from /opt/airflow/dags/minio-to-snowflake.py
[2026-05-28T03:01:07.479+0000] {processor.py:840} INFO - DAG(s) 'spotify_minio_to_snowflake_bronze' retrieved from /opt/airflow/dags/minio-to-snowflake.py
[2026-05-28T03:01:07.499+0000] {logging_mixin.py:188} INFO - [2026-05-28T03:01:07.499+0000] {dag.py:3089} INFO - Sync 1 DAGs
[2026-05-28T03:01:07.515+0000] {logging_mixin.py:188} INFO - [2026-05-28T03:01:07.515+0000] {dag.py:3947} INFO - Setting next_dagrun for spotify_minio_to_snowflake_bronze to 2026-05-28 02:00:00+00:00, run_after=2026-05-28 03:00:00+00:00
[2026-05-28T03:01:07.537+0000] {processor.py:183} INFO - Processing /opt/airflow/dags/minio-to-snowflake.py took 0.519 seconds
[2026-05-28T03:01:37.824+0000] {processor.py:161} INFO - Started process (PID=1350) to work on /opt/airflow/dags/minio-to-snowflake.py
[2026-05-28T03:01:37.826+0000] {processor.py:830} INFO - Processing file /opt/airflow/dags/minio-to-snowflake.py for tasks to queue
[2026-05-28T03:01:37.828+0000] {logging_mixin.py:188} INFO - [2026-05-28T03:01:37.827+0000] {dagbag.py:545} INFO - Filling up the DagBag from /opt/airflow/dags/minio-to-snowflake.py
[2026-05-28T03:01:38.277+0000] {processor.py:840} INFO - DAG(s) 'spotify_minio_to_snowflake_bronze' retrieved from /opt/airflow/dags/minio-to-snowflake.py
[2026-05-28T03:01:38.302+0000] {logging_mixin.py:188} INFO - [2026-05-28T03:01:38.302+0000] {dag.py:3089} INFO - Sync 1 DAGs
[2026-05-28T03:01:38.320+0000] {logging_mixin.py:188} INFO - [2026-05-28T03:01:38.320+0000] {dag.py:3947} INFO - Setting next_dagrun for spotify_minio_to_snowflake_bronze to 2026-05-28 02:00:00+00:00, run_after=2026-05-28 03:00:00+00:00
[2026-05-28T03:01:38.340+0000] {processor.py:183} INFO - Processing /opt/airflow/dags/minio-to-snowflake.py took 0.525 seconds
[2026-05-28T03:02:08.579+0000] {processor.py:161} INFO - Started process (PID=1353) to work on /opt/airflow/dags/minio-to-snowflake.py
[2026-05-28T03:02:08.582+0000] {processor.py:830} INFO - Processing file /opt/airflow/dags/minio-to-snowflake.py for tasks to queue
[2026-05-28T03:02:08.583+0000] {logging_mixin.py:188} INFO - [2026-05-28T03:02:08.583+0000] {dagbag.py:545} INFO - Filling up the DagBag from /opt/airflow/dags/minio-to-snowflake.py
[2026-05-28T03:02:09.078+0000] {processor.py:840} INFO - DAG(s) 'spotify_minio_to_snowflake_bronze' retrieved from /opt/airflow/dags/minio-to-snowflake.py
[2026-05-28T03:02:09.102+0000] {logging_mixin.py:188} INFO - [2026-05-28T03:02:09.101+0000] {dag.py:3089} INFO - Sync 1 DAGs
[2026-05-28T03:02:09.121+0000] {logging_mixin.py:188} INFO - [2026-05-28T03:02:09.121+0000] {dag.py:3947} INFO - Setting next_dagrun for spotify_minio_to_snowflake_bronze to 2026-05-28 02:00:00+00:00, run_after=2026-05-28 03:00:00+00:00
[2026-05-28T03:02:09.142+0000] {processor.py:183} INFO - Processing /opt/airflow/dags/minio-to-snowflake.py took 0.567 seconds
[2026-05-28T03:02:39.430+0000] {processor.py:161} INFO - Started process (PID=1356) to work on /opt/airflow/dags/minio-to-snowflake.py
[2026-05-28T03:02:39.431+0000] {processor.py:830} INFO - Processing file /opt/airflow/dags/minio-to-snowflake.py for tasks to queue
[2026-05-28T03:02:39.433+0000] {logging_mixin.py:188} INFO - [2026-05-28T03:02:39.432+0000] {dagbag.py:545} INFO - Filling up the DagBag from /opt/airflow/dags/minio-to-snowflake.py
[2026-05-28T03:02:39.910+0000] {processor.py:840} INFO - DAG(s) 'spotify_minio_to_snowflake_bronze' retrieved from /opt/airflow/dags/minio-to-snowflake.py
[2026-05-28T03:02:39.933+0000] {logging_mixin.py:188} INFO - [2026-05-28T03:02:39.933+0000] {dag.py:3089} INFO - Sync 1 DAGs
[2026-05-28T03:02:39.952+0000] {logging_mixin.py:188} INFO - [2026-05-28T03:02:39.952+0000] {dag.py:3947} INFO - Setting next_dagrun for spotify_minio_to_snowflake_bronze to 2026-05-28 02:00:00+00:00, run_after=2026-05-28 03:00:00+00:00
[2026-05-28T03:02:39.972+0000] {processor.py:183} INFO - Processing /opt/airflow/dags/minio-to-snowflake.py took 0.538 seconds
[2026-05-28T03:03:10.150+0000] {processor.py:161} INFO - Started process (PID=1359) to work on /opt/airflow/dags/minio-to-snowflake.py
[2026-05-28T03:03:10.151+0000] {processor.py:830} INFO - Processing file /opt/airflow/dags/minio-to-snowflake.py for tasks to queue
[2026-05-28T03:03:10.152+0000] {logging_mixin.py:188} INFO - [2026-05-28T03:03:10.152+0000] {dagbag.py:545} INFO - Filling up the DagBag from /opt/airflow/dags/minio-to-snowflake.py
[2026-05-28T03:03:10.638+0000] {processor.py:840} INFO - DAG(s) 'spotify_minio_to_snowflake_bronze' retrieved from /opt/airflow/dags/minio-to-snowflake.py
[2026-05-28T03:03:10.668+0000] {logging_mixin.py:188} INFO - [2026-05-28T03:03:10.667+0000] {dag.py:3089} INFO - Sync 1 DAGs
[2026-05-28T03:03:10.687+0000] {logging_mixin.py:188} INFO - [2026-05-28T03:03:10.687+0000] {dag.py:3947} INFO - Setting next_dagrun for spotify_minio_to_snowflake_bronze to 2026-05-28 02:00:00+00:00, run_after=2026-05-28 03:00:00+00:00
[2026-05-28T03:03:10.706+0000] {processor.py:183} INFO - Processing /opt/airflow/dags/minio-to-snowflake.py took 0.562 seconds
[2026-05-28T03:03:41.096+0000] {processor.py:161} INFO - Started process (PID=1362) to work on /opt/airflow/dags/minio-to-snowflake.py
[2026-05-28T03:03:41.099+0000] {processor.py:830} INFO - Processing file /opt/airflow/dags/minio-to-snowflake.py for tasks to queue
[2026-05-28T03:03:41.100+0000] {logging_mixin.py:188} INFO - [2026-05-28T03:03:41.099+0000] {dagbag.py:545} INFO - Filling up the DagBag from /opt/airflow/dags/minio-to-snowflake.py
[2026-05-28T03:03:41.587+0000] {processor.py:840} INFO - DAG(s) 'spotify_minio_to_snowflake_bronze' retrieved from /opt/airflow/dags/minio-to-snowflake.py
[2026-05-28T03:03:41.618+0000] {logging_mixin.py:188} INFO - [2026-05-28T03:03:41.618+0000] {dag.py:3089} INFO - Sync 1 DAGs
[2026-05-28T03:03:41.637+0000] {logging_mixin.py:188} INFO - [2026-05-28T03:03:41.637+0000] {dag.py:3947} INFO - Setting next_dagrun for spotify_minio_to_snowflake_bronze to 2026-05-28 02:00:00+00:00, run_after=2026-05-28 03:00:00+00:00
[2026-05-28T03:03:41.655+0000] {processor.py:183} INFO - Processing /opt/airflow/dags/minio-to-snowflake.py took 0.566 seconds
[2026-05-28T03:04:11.753+0000] {processor.py:161} INFO - Started process (PID=1365) to work on /opt/airflow/dags/minio-to-snowflake.py
[2026-05-28T03:04:11.754+0000] {processor.py:830} INFO - Processing file /opt/airflow/dags/minio-to-snowflake.py for tasks to queue
[2026-05-28T03:04:11.755+0000] {logging_mixin.py:188} INFO - [2026-05-28T03:04:11.755+0000] {dagbag.py:545} INFO - Filling up the DagBag from /opt/airflow/dags/minio-to-snowflake.py
[2026-05-28T03:04:12.218+0000] {processor.py:840} INFO - DAG(s) 'spotify_minio_to_snowflake_bronze' retrieved from /opt/airflow/dags/minio-to-snowflake.py
[2026-05-28T03:04:12.241+0000] {logging_mixin.py:188} INFO - [2026-05-28T03:04:12.240+0000] {dag.py:3089} INFO - Sync 1 DAGs
[2026-05-28T03:04:12.261+0000] {logging_mixin.py:188} INFO - [2026-05-28T03:04:12.261+0000] {dag.py:3947} INFO - Setting next_dagrun for spotify_minio_to_snowflake_bronze to 2026-05-28 02:00:00+00:00, run_after=2026-05-28 03:00:00+00:00
[2026-05-28T03:04:12.278+0000] {processor.py:183} INFO - Processing /opt/airflow/dags/minio-to-snowflake.py took 0.531 seconds
[2026-05-28T03:04:42.577+0000] {processor.py:161} INFO - Started process (PID=1368) to work on /opt/airflow/dags/minio-to-snowflake.py
[2026-05-28T03:04:42.578+0000] {processor.py:830} INFO - Processing file /opt/airflow/dags/minio-to-snowflake.py for tasks to queue
[2026-05-28T03:04:42.578+0000] {logging_mixin.py:188} INFO - [2026-05-28T03:04:42.578+0000] {dagbag.py:545} INFO - Filling up the DagBag from /opt/airflow/dags/minio-to-snowflake.py
[2026-05-28T03:04:43.063+0000] {processor.py:840} INFO - DAG(s) 'spotify_minio_to_snowflake_bronze' retrieved from /opt/airflow/dags/minio-to-snowflake.py
[2026-05-28T03:04:43.084+0000] {logging_mixin.py:188} INFO - [2026-05-28T03:04:43.084+0000] {dag.py:3089} INFO - Sync 1 DAGs
[2026-05-28T03:04:43.101+0000] {logging_mixin.py:188} INFO - [2026-05-28T03:04:43.100+0000] {dag.py:3947} INFO - Setting next_dagrun for spotify_minio_to_snowflake_bronze to 2026-05-28 02:00:00+00:00, run_after=2026-05-28 03:00:00+00:00
[2026-05-28T03:04:43.114+0000] {processor.py:183} INFO - Processing /opt/airflow/dags/minio-to-snowflake.py took 0.542 seconds
[2026-05-28T03:05:13.440+0000] {processor.py:161} INFO - Started process (PID=1371) to work on /opt/airflow/dags/minio-to-snowflake.py
[2026-05-28T03:05:13.441+0000] {processor.py:830} INFO - Processing file /opt/airflow/dags/minio-to-snowflake.py for tasks to queue
[2026-05-28T03:05:13.442+0000] {logging_mixin.py:188} INFO - [2026-05-28T03:05:13.442+0000] {dagbag.py:545} INFO - Filling up the DagBag from /opt/airflow/dags/minio-to-snowflake.py
[2026-05-28T03:05:13.888+0000] {processor.py:840} INFO - DAG(s) 'spotify_minio_to_snowflake_bronze' retrieved from /opt/airflow/dags/minio-to-snowflake.py
[2026-05-28T03:05:13.910+0000] {logging_mixin.py:188} INFO - [2026-05-28T03:05:13.910+0000] {dag.py:3089} INFO - Sync 1 DAGs
[2026-05-28T03:05:13.927+0000] {logging_mixin.py:188} INFO - [2026-05-28T03:05:13.927+0000] {dag.py:3947} INFO - Setting next_dagrun for spotify_minio_to_snowflake_bronze to 2026-05-28 02:00:00+00:00, run_after=2026-05-28 03:00:00+00:00
[2026-05-28T03:05:13.945+0000] {processor.py:183} INFO - Processing /opt/airflow/dags/minio-to-snowflake.py took 0.511 seconds
[2026-05-28T03:05:44.124+0000] {processor.py:161} INFO - Started process (PID=1374) to work on /opt/airflow/dags/minio-to-snowflake.py
[2026-05-28T03:05:44.126+0000] {processor.py:830} INFO - Processing file /opt/airflow/dags/minio-to-snowflake.py for tasks to queue
[2026-05-28T03:05:44.127+0000] {logging_mixin.py:188} INFO - [2026-05-28T03:05:44.126+0000] {dagbag.py:545} INFO - Filling up the DagBag from /opt/airflow/dags/minio-to-snowflake.py
[2026-05-28T03:05:44.571+0000] {processor.py:840} INFO - DAG(s) 'spotify_minio_to_snowflake_bronze' retrieved from /opt/airflow/dags/minio-to-snowflake.py
[2026-05-28T03:05:44.591+0000] {logging_mixin.py:188} INFO - [2026-05-28T03:05:44.591+0000] {dag.py:3089} INFO - Sync 1 DAGs
[2026-05-28T03:05:44.607+0000] {logging_mixin.py:188} INFO - [2026-05-28T03:05:44.607+0000] {dag.py:3947} INFO - Setting next_dagrun for spotify_minio_to_snowflake_bronze to 2026-05-28 02:00:00+00:00, run_after=2026-05-28 03:00:00+00:00
[2026-05-28T03:05:44.625+0000] {processor.py:183} INFO - Processing /opt/airflow/dags/minio-to-snowflake.py took 0.507 seconds
[2026-05-28T03:06:14.951+0000] {processor.py:161} INFO - Started process (PID=1377) to work on /opt/airflow/dags/minio-to-snowflake.py
[2026-05-28T03:06:14.954+0000] {processor.py:830} INFO - Processing file /opt/airflow/dags/minio-to-snowflake.py for tasks to queue
[2026-05-28T03:06:14.957+0000] {logging_mixin.py:188} INFO - [2026-05-28T03:06:14.955+0000] {dagbag.py:545} INFO - Filling up the DagBag from /opt/airflow/dags/minio-to-snowflake.py
[2026-05-28T03:06:15.652+0000] {processor.py:840} INFO - DAG(s) 'spotify_minio_to_snowflake_bronze' retrieved from /opt/airflow/dags/minio-to-snowflake.py
[2026-05-28T03:06:15.677+0000] {logging_mixin.py:188} INFO - [2026-05-28T03:06:15.676+0000] {dag.py:3089} INFO - Sync 1 DAGs
[2026-05-28T03:06:15.694+0000] {logging_mixin.py:188} INFO - [2026-05-28T03:06:15.694+0000] {dag.py:3947} INFO - Setting next_dagrun for spotify_minio_to_snowflake_bronze to 2026-05-28 02:00:00+00:00, run_after=2026-05-28 03:00:00+00:00
[2026-05-28T03:06:15.722+0000] {processor.py:183} INFO - Processing /opt/airflow/dags/minio-to-snowflake.py took 0.785 seconds
[2026-05-28T03:06:45.805+0000] {processor.py:161} INFO - Started process (PID=1380) to work on /opt/airflow/dags/minio-to-snowflake.py
[2026-05-28T03:06:45.806+0000] {processor.py:830} INFO - Processing file /opt/airflow/dags/minio-to-snowflake.py for tasks to queue
[2026-05-28T03:06:45.807+0000] {logging_mixin.py:188} INFO - [2026-05-28T03:06:45.807+0000] {dagbag.py:545} INFO - Filling up the DagBag from /opt/airflow/dags/minio-to-snowflake.py
[2026-05-28T03:06:46.278+0000] {processor.py:840} INFO - DAG(s) 'spotify_minio_to_snowflake_bronze' retrieved from /opt/airflow/dags/minio-to-snowflake.py
[2026-05-28T03:06:46.298+0000] {logging_mixin.py:188} INFO - [2026-05-28T03:06:46.298+0000] {dag.py:3089} INFO - Sync 1 DAGs
[2026-05-28T03:06:46.315+0000] {logging_mixin.py:188} INFO - [2026-05-28T03:06:46.314+0000] {dag.py:3947} INFO - Setting next_dagrun for spotify_minio_to_snowflake_bronze to 2026-05-28 02:00:00+00:00, run_after=2026-05-28 03:00:00+00:00
[2026-05-28T03:06:46.330+0000] {processor.py:183} INFO - Processing /opt/airflow/dags/minio-to-snowflake.py took 0.530 seconds
[2026-05-28T03:07:16.699+0000] {processor.py:161} INFO - Started process (PID=1383) to work on /opt/airflow/dags/minio-to-snowflake.py
[2026-05-28T03:07:16.700+0000] {processor.py:830} INFO - Processing file /opt/airflow/dags/minio-to-snowflake.py for tasks to queue
[2026-05-28T03:07:16.701+0000] {logging_mixin.py:188} INFO - [2026-05-28T03:07:16.701+0000] {dagbag.py:545} INFO - Filling up the DagBag from /opt/airflow/dags/minio-to-snowflake.py
[2026-05-28T03:07:17.220+0000] {processor.py:840} INFO - DAG(s) 'spotify_minio_to_snowflake_bronze' retrieved from /opt/airflow/dags/minio-to-snowflake.py
[2026-05-28T03:07:17.245+0000] {logging_mixin.py:188} INFO - [2026-05-28T03:07:17.244+0000] {dag.py:3089} INFO - Sync 1 DAGs
[2026-05-28T03:07:17.263+0000] {logging_mixin.py:188} INFO - [2026-05-28T03:07:17.263+0000] {dag.py:3947} INFO - Setting next_dagrun for spotify_minio_to_snowflake_bronze to 2026-05-28 02:00:00+00:00, run_after=2026-05-28 03:00:00+00:00
[2026-05-28T03:07:17.283+0000] {processor.py:183} INFO - Processing /opt/airflow/dags/minio-to-snowflake.py took 0.588 seconds
[2026-05-28T03:07:47.573+0000] {processor.py:161} INFO - Started process (PID=1386) to work on /opt/airflow/dags/minio-to-snowflake.py
[2026-05-28T03:07:47.575+0000] {processor.py:830} INFO - Processing file /opt/airflow/dags/minio-to-snowflake.py for tasks to queue
[2026-05-28T03:07:47.576+0000] {logging_mixin.py:188} INFO - [2026-05-28T03:07:47.576+0000] {dagbag.py:545} INFO - Filling up the DagBag from /opt/airflow/dags/minio-to-snowflake.py
[2026-05-28T03:07:48.047+0000] {processor.py:840} INFO - DAG(s) 'spotify_minio_to_snowflake_bronze' retrieved from /opt/airflow/dags/minio-to-snowflake.py
[2026-05-28T03:07:48.068+0000] {logging_mixin.py:188} INFO - [2026-05-28T03:07:48.068+0000] {dag.py:3089} INFO - Sync 1 DAGs
[2026-05-28T03:07:48.087+0000] {logging_mixin.py:188} INFO - [2026-05-28T03:07:48.087+0000] {dag.py:3947} INFO - Setting next_dagrun for spotify_minio_to_snowflake_bronze to 2026-05-28 02:00:00+00:00, run_after=2026-05-28 03:00:00+00:00
[2026-05-28T03:07:48.102+0000] {processor.py:183} INFO - Processing /opt/airflow/dags/minio-to-snowflake.py took 0.535 seconds
[2026-05-28T03:08:18.489+0000] {processor.py:161} INFO - Started process (PID=1389) to work on /opt/airflow/dags/minio-to-snowflake.py
[2026-05-28T03:08:18.490+0000] {processor.py:830} INFO - Processing file /opt/airflow/dags/minio-to-snowflake.py for tasks to queue
[2026-05-28T03:08:18.491+0000] {logging_mixin.py:188} INFO - [2026-05-28T03:08:18.491+0000] {dagbag.py:545} INFO - Filling up the DagBag from /opt/airflow/dags/minio-to-snowflake.py
[2026-05-28T03:08:19.028+0000] {processor.py:840} INFO - DAG(s) 'spotify_minio_to_snowflake_bronze' retrieved from /opt/airflow/dags/minio-to-snowflake.py
[2026-05-28T03:08:19.054+0000] {logging_mixin.py:188} INFO - [2026-05-28T03:08:19.053+0000] {dag.py:3089} INFO - Sync 1 DAGs
[2026-05-28T03:08:19.072+0000] {logging_mixin.py:188} INFO - [2026-05-28T03:08:19.072+0000] {dag.py:3947} INFO - Setting next_dagrun for spotify_minio_to_snowflake_bronze to 2026-05-28 02:00:00+00:00, run_after=2026-05-28 03:00:00+00:00
[2026-05-28T03:08:19.102+0000] {processor.py:183} INFO - Processing /opt/airflow/dags/minio-to-snowflake.py took 0.620 seconds
[2026-05-28T03:08:49.418+0000] {processor.py:161} INFO - Started process (PID=1392) to work on /opt/airflow/dags/minio-to-snowflake.py
[2026-05-28T03:08:49.419+0000] {processor.py:830} INFO - Processing file /opt/airflow/dags/minio-to-snowflake.py for tasks to queue
[2026-05-28T03:08:49.420+0000] {logging_mixin.py:188} INFO - [2026-05-28T03:08:49.420+0000] {dagbag.py:545} INFO - Filling up the DagBag from /opt/airflow/dags/minio-to-snowflake.py
[2026-05-28T03:08:49.880+0000] {processor.py:840} INFO - DAG(s) 'spotify_minio_to_snowflake_bronze' retrieved from /opt/airflow/dags/minio-to-snowflake.py
[2026-05-28T03:08:49.900+0000] {logging_mixin.py:188} INFO - [2026-05-28T03:08:49.900+0000] {dag.py:3089} INFO - Sync 1 DAGs
[2026-05-28T03:08:49.917+0000] {logging_mixin.py:188} INFO - [2026-05-28T03:08:49.917+0000] {dag.py:3947} INFO - Setting next_dagrun for spotify_minio_to_snowflake_bronze to 2026-05-28 02:00:00+00:00, run_after=2026-05-28 03:00:00+00:00
[2026-05-28T03:08:49.948+0000] {processor.py:183} INFO - Processing /opt/airflow/dags/minio-to-snowflake.py took 0.536 seconds
[2026-05-28T03:09:20.266+0000] {processor.py:161} INFO - Started process (PID=1395) to work on /opt/airflow/dags/minio-to-snowflake.py
[2026-05-28T03:09:20.268+0000] {processor.py:830} INFO - Processing file /opt/airflow/dags/minio-to-snowflake.py for tasks to queue
[2026-05-28T03:09:20.269+0000] {logging_mixin.py:188} INFO - [2026-05-28T03:09:20.268+0000] {dagbag.py:545} INFO - Filling up the DagBag from /opt/airflow/dags/minio-to-snowflake.py
[2026-05-28T03:09:20.800+0000] {processor.py:840} INFO - DAG(s) 'spotify_minio_to_snowflake_bronze' retrieved from /opt/airflow/dags/minio-to-snowflake.py
[2026-05-28T03:09:20.820+0000] {logging_mixin.py:188} INFO - [2026-05-28T03:09:20.819+0000] {dag.py:3089} INFO - Sync 1 DAGs
[2026-05-28T03:09:20.851+0000] {logging_mixin.py:188} INFO - [2026-05-28T03:09:20.851+0000] {dag.py:3947} INFO - Setting next_dagrun for spotify_minio_to_snowflake_bronze to 2026-05-28 02:00:00+00:00, run_after=2026-05-28 03:00:00+00:00
[2026-05-28T03:09:20.872+0000] {processor.py:183} INFO - Processing /opt/airflow/dags/minio-to-snowflake.py took 0.611 seconds
[2026-05-28T03:09:51.024+0000] {processor.py:161} INFO - Started process (PID=1398) to work on /opt/airflow/dags/minio-to-snowflake.py
[2026-05-28T03:09:51.025+0000] {processor.py:830} INFO - Processing file /opt/airflow/dags/minio-to-snowflake.py for tasks to queue
[2026-05-28T03:09:51.026+0000] {logging_mixin.py:188} INFO - [2026-05-28T03:09:51.026+0000] {dagbag.py:545} INFO - Filling up the DagBag from /opt/airflow/dags/minio-to-snowflake.py
[2026-05-28T03:09:51.544+0000] {processor.py:840} INFO - DAG(s) 'spotify_minio_to_snowflake_bronze' retrieved from /opt/airflow/dags/minio-to-snowflake.py
[2026-05-28T03:09:51.565+0000] {logging_mixin.py:188} INFO - [2026-05-28T03:09:51.565+0000] {dag.py:3089} INFO - Sync 1 DAGs
[2026-05-28T03:09:51.584+0000] {logging_mixin.py:188} INFO - [2026-05-28T03:09:51.583+0000] {dag.py:3947} INFO - Setting next_dagrun for spotify_minio_to_snowflake_bronze to 2026-05-28 02:00:00+00:00, run_after=2026-05-28 03:00:00+00:00
[2026-05-28T03:09:51.605+0000] {processor.py:183} INFO - Processing /opt/airflow/dags/minio-to-snowflake.py took 0.590 seconds
[2026-05-28T03:10:21.996+0000] {processor.py:161} INFO - Started process (PID=1401) to work on /opt/airflow/dags/minio-to-snowflake.py
[2026-05-28T03:10:21.997+0000] {processor.py:830} INFO - Processing file /opt/airflow/dags/minio-to-snowflake.py for tasks to queue
[2026-05-28T03:10:21.998+0000] {logging_mixin.py:188} INFO - [2026-05-28T03:10:21.998+0000] {dagbag.py:545} INFO - Filling up the DagBag from /opt/airflow/dags/minio-to-snowflake.py
[2026-05-28T03:10:22.461+0000] {processor.py:840} INFO - DAG(s) 'spotify_minio_to_snowflake_bronze' retrieved from /opt/airflow/dags/minio-to-snowflake.py
[2026-05-28T03:10:22.480+0000] {logging_mixin.py:188} INFO - [2026-05-28T03:10:22.480+0000] {dag.py:3089} INFO - Sync 1 DAGs
[2026-05-28T03:10:22.496+0000] {logging_mixin.py:188} INFO - [2026-05-28T03:10:22.495+0000] {dag.py:3947} INFO - Setting next_dagrun for spotify_minio_to_snowflake_bronze to 2026-05-28 02:00:00+00:00, run_after=2026-05-28 03:00:00+00:00
[2026-05-28T03:10:22.526+0000] {processor.py:183} INFO - Processing /opt/airflow/dags/minio-to-snowflake.py took 0.537 seconds
[2026-05-28T03:10:52.794+0000] {processor.py:161} INFO - Started process (PID=1404) to work on /opt/airflow/dags/minio-to-snowflake.py
[2026-05-28T03:10:52.795+0000] {processor.py:830} INFO - Processing file /opt/airflow/dags/minio-to-snowflake.py for tasks to queue
[2026-05-28T03:10:52.797+0000] {logging_mixin.py:188} INFO - [2026-05-28T03:10:52.796+0000] {dagbag.py:545} INFO - Filling up the DagBag from /opt/airflow/dags/minio-to-snowflake.py
[2026-05-28T03:10:53.249+0000] {processor.py:840} INFO - DAG(s) 'spotify_minio_to_snowflake_bronze' retrieved from /opt/airflow/dags/minio-to-snowflake.py
[2026-05-28T03:10:53.271+0000] {logging_mixin.py:188} INFO - [2026-05-28T03:10:53.270+0000] {dag.py:3089} INFO - Sync 1 DAGs
[2026-05-28T03:10:53.292+0000] {logging_mixin.py:188} INFO - [2026-05-28T03:10:53.291+0000] {dag.py:3947} INFO - Setting next_dagrun for spotify_minio_to_snowflake_bronze to 2026-05-28 02:00:00+00:00, run_after=2026-05-28 03:00:00+00:00
[2026-05-28T03:10:53.316+0000] {processor.py:183} INFO - Processing /opt/airflow/dags/minio-to-snowflake.py took 0.526 seconds
[2026-05-28T03:11:23.857+0000] {processor.py:161} INFO - Started process (PID=1407) to work on /opt/airflow/dags/minio-to-snowflake.py
[2026-05-28T03:11:23.861+0000] {processor.py:830} INFO - Processing file /opt/airflow/dags/minio-to-snowflake.py for tasks to queue
[2026-05-28T03:11:23.862+0000] {logging_mixin.py:188} INFO - [2026-05-28T03:11:23.861+0000] {dagbag.py:545} INFO - Filling up the DagBag from /opt/airflow/dags/minio-to-snowflake.py
[2026-05-28T03:11:24.355+0000] {processor.py:840} INFO - DAG(s) 'spotify_minio_to_snowflake_bronze' retrieved from /opt/airflow/dags/minio-to-snowflake.py
[2026-05-28T03:11:24.378+0000] {logging_mixin.py:188} INFO - [2026-05-28T03:11:24.378+0000] {dag.py:3089} INFO - Sync 1 DAGs
[2026-05-28T03:11:24.402+0000] {logging_mixin.py:188} INFO - [2026-05-28T03:11:24.402+0000] {dag.py:3947} INFO - Setting next_dagrun for spotify_minio_to_snowflake_bronze to 2026-05-28 02:00:00+00:00, run_after=2026-05-28 03:00:00+00:00
[2026-05-28T03:11:24.431+0000] {processor.py:183} INFO - Processing /opt/airflow/dags/minio-to-snowflake.py took 0.579 seconds
[2026-05-28T03:11:54.693+0000] {processor.py:161} INFO - Started process (PID=1410) to work on /opt/airflow/dags/minio-to-snowflake.py
[2026-05-28T03:11:54.694+0000] {processor.py:830} INFO - Processing file /opt/airflow/dags/minio-to-snowflake.py for tasks to queue
[2026-05-28T03:11:54.695+0000] {logging_mixin.py:188} INFO - [2026-05-28T03:11:54.695+0000] {dagbag.py:545} INFO - Filling up the DagBag from /opt/airflow/dags/minio-to-snowflake.py
[2026-05-28T03:11:55.147+0000] {processor.py:840} INFO - DAG(s) 'spotify_minio_to_snowflake_bronze' retrieved from /opt/airflow/dags/minio-to-snowflake.py
[2026-05-28T03:11:55.169+0000] {logging_mixin.py:188} INFO - [2026-05-28T03:11:55.168+0000] {dag.py:3089} INFO - Sync 1 DAGs
[2026-05-28T03:11:55.186+0000] {logging_mixin.py:188} INFO - [2026-05-28T03:11:55.186+0000] {dag.py:3947} INFO - Setting next_dagrun for spotify_minio_to_snowflake_bronze to 2026-05-28 02:00:00+00:00, run_after=2026-05-28 03:00:00+00:00
[2026-05-28T03:11:55.203+0000] {processor.py:183} INFO - Processing /opt/airflow/dags/minio-to-snowflake.py took 0.517 seconds
[2026-05-28T03:12:25.505+0000] {processor.py:161} INFO - Started process (PID=1413) to work on /opt/airflow/dags/minio-to-snowflake.py
[2026-05-28T03:12:25.506+0000] {processor.py:830} INFO - Processing file /opt/airflow/dags/minio-to-snowflake.py for tasks to queue
[2026-05-28T03:12:25.507+0000] {logging_mixin.py:188} INFO - [2026-05-28T03:12:25.507+0000] {dagbag.py:545} INFO - Filling up the DagBag from /opt/airflow/dags/minio-to-snowflake.py
[2026-05-28T03:12:25.939+0000] {processor.py:840} INFO - DAG(s) 'spotify_minio_to_snowflake_bronze' retrieved from /opt/airflow/dags/minio-to-snowflake.py
[2026-05-28T03:12:25.960+0000] {logging_mixin.py:188} INFO - [2026-05-28T03:12:25.959+0000] {dag.py:3089} INFO - Sync 1 DAGs
[2026-05-28T03:12:25.977+0000] {logging_mixin.py:188} INFO - [2026-05-28T03:12:25.976+0000] {dag.py:3947} INFO - Setting next_dagrun for spotify_minio_to_snowflake_bronze to 2026-05-28 02:00:00+00:00, run_after=2026-05-28 03:00:00+00:00
[2026-05-28T03:12:25.994+0000] {processor.py:183} INFO - Processing /opt/airflow/dags/minio-to-snowflake.py took 0.494 seconds
