[2026-06-08T04:58:21.439+0000] {local_task_job_runner.py:120} INFO - ::group::Pre task execution logs
[2026-06-08T04:58:21.482+0000] {taskinstance.py:2076} INFO - Dependencies all met for dep_context=non-requeueable deps ti=<TaskInstance: spotify_minio_to_snowflake_bronze.train_forecast_model scheduled__2026-06-08T03:00:00+00:00 [queued]>
[2026-06-08T04:58:21.488+0000] {taskinstance.py:2076} INFO - Dependencies all met for dep_context=requeueable deps ti=<TaskInstance: spotify_minio_to_snowflake_bronze.train_forecast_model scheduled__2026-06-08T03:00:00+00:00 [queued]>
[2026-06-08T04:58:21.488+0000] {taskinstance.py:2306} INFO - Starting attempt 1 of 2
[2026-06-08T04:58:21.500+0000] {taskinstance.py:2330} INFO - Executing <Task(BashOperator): train_forecast_model> on 2026-06-08 03:00:00+00:00
[2026-06-08T04:58:21.509+0000] {standard_task_runner.py:90} INFO - Running: ['***', 'tasks', 'run', 'spotify_minio_to_snowflake_bronze', 'train_forecast_model', 'scheduled__2026-06-08T03:00:00+00:00', '--job-id', '93', '--raw', '--subdir', 'DAGS_FOLDER/minio-to-snowflake.py', '--cfg-path', '/tmp/tmpui2w7k9e']
[2026-06-08T04:58:21.512+0000] {logging_mixin.py:188} WARNING - /home/***/.local/lib/python3.12/site-packages/***/task/task_runner/standard_task_runner.py:62 DeprecationWarning: This process (pid=185) is multi-threaded, use of fork() may lead to deadlocks in the child.
[2026-06-08T04:58:21.513+0000] {standard_task_runner.py:91} INFO - Job 93: Subtask train_forecast_model
[2026-06-08T04:58:21.514+0000] {standard_task_runner.py:64} INFO - Started process 207 to run task
[2026-06-08T04:58:21.591+0000] {task_command.py:426} INFO - Running <TaskInstance: spotify_minio_to_snowflake_bronze.train_forecast_model scheduled__2026-06-08T03:00:00+00:00 [running]> on host 1b98f89b031b
[2026-06-08T04:58:21.665+0000] {taskinstance.py:2648} INFO - Exporting env vars: AIRFLOW_CTX_DAG_OWNER='***' AIRFLOW_CTX_DAG_ID='spotify_minio_to_snowflake_bronze' AIRFLOW_CTX_TASK_ID='train_forecast_model' AIRFLOW_CTX_EXECUTION_DATE='2026-06-08T03:00:00+00:00' AIRFLOW_CTX_TRY_NUMBER='1' AIRFLOW_CTX_DAG_RUN_ID='scheduled__2026-06-08T03:00:00+00:00'
[2026-06-08T04:58:21.666+0000] {taskinstance.py:430} INFO - ::endgroup::
[2026-06-08T04:58:21.674+0000] {subprocess.py:63} INFO - Tmp dir root location: /tmp
[2026-06-08T04:58:21.675+0000] {subprocess.py:75} INFO - Running command: ['/usr/bin/bash', '-c', 'python /opt/***/scripts/train_forecast.py']
[2026-06-08T04:58:21.685+0000] {subprocess.py:86} INFO - Output:
[2026-06-08T04:58:21.741+0000] {subprocess.py:93} INFO - Traceback (most recent call last):
[2026-06-08T04:58:21.742+0000] {subprocess.py:93} INFO -   File "/opt/***/scripts/train_forecast.py", line 1, in <module>
[2026-06-08T04:58:21.743+0000] {subprocess.py:93} INFO -     import mlflow
[2026-06-08T04:58:21.744+0000] {subprocess.py:93} INFO - ModuleNotFoundError: No module named 'mlflow'
[2026-06-08T04:58:21.746+0000] {subprocess.py:97} INFO - Command exited with return code 1
[2026-06-08T04:58:21.747+0000] {taskinstance.py:441} INFO - ::group::Post task execution logs
[2026-06-08T04:58:21.755+0000] {taskinstance.py:2905} ERROR - Task failed with exception
Traceback (most recent call last):
  File "/home/airflow/.local/lib/python3.12/site-packages/airflow/models/taskinstance.py", line 465, in _execute_task
    result = _execute_callable(context=context, **execute_callable_kwargs)
             ^^^^^^^^^^^^^^^^^^^^^^^^^^^^^^^^^^^^^^^^^^^^^^^^^^^^^^^^^^^^^
  File "/home/airflow/.local/lib/python3.12/site-packages/airflow/models/taskinstance.py", line 432, in _execute_callable
    return execute_callable(context=context, **execute_callable_kwargs)
           ^^^^^^^^^^^^^^^^^^^^^^^^^^^^^^^^^^^^^^^^^^^^^^^^^^^^^^^^^^^^
  File "/home/airflow/.local/lib/python3.12/site-packages/airflow/models/baseoperator.py", line 401, in wrapper
    return func(self, *args, **kwargs)
           ^^^^^^^^^^^^^^^^^^^^^^^^^^^
  File "/home/airflow/.local/lib/python3.12/site-packages/airflow/operators/bash.py", line 243, in execute
    raise AirflowException(
airflow.exceptions.AirflowException: Bash command failed. The command returned a non-zero exit code 1.
[2026-06-08T04:58:21.758+0000] {taskinstance.py:1206} INFO - Marking task as UP_FOR_RETRY. dag_id=spotify_minio_to_snowflake_bronze, task_id=train_forecast_model, run_id=scheduled__2026-06-08T03:00:00+00:00, execution_date=20260608T030000, start_date=20260608T045821, end_date=20260608T045821
[2026-06-08T04:58:21.767+0000] {standard_task_runner.py:110} ERROR - Failed to execute job 93 for task train_forecast_model (Bash command failed. The command returned a non-zero exit code 1.; 207)
[2026-06-08T04:58:21.775+0000] {local_task_job_runner.py:243} INFO - Task exited with return code 1
[2026-06-08T04:58:21.786+0000] {taskinstance.py:3503} INFO - 0 downstream tasks scheduled from follow-on schedule check
[2026-06-08T04:58:21.792+0000] {local_task_job_runner.py:222} INFO - ::endgroup::
