[2026-05-21T13:19:44.991+0000] {local_task_job_runner.py:120} INFO - ::group::Pre task execution logs
[2026-05-21T13:19:45.025+0000] {taskinstance.py:2076} INFO - Dependencies all met for dep_context=non-requeueable deps ti=<TaskInstance: spotify_minio_to_snowflake_bronze.load_raw_to_snow_flake scheduled__2026-05-21T12:00:00+00:00 [queued]>
[2026-05-21T13:19:45.031+0000] {taskinstance.py:2076} INFO - Dependencies all met for dep_context=requeueable deps ti=<TaskInstance: spotify_minio_to_snowflake_bronze.load_raw_to_snow_flake scheduled__2026-05-21T12:00:00+00:00 [queued]>
[2026-05-21T13:19:45.032+0000] {taskinstance.py:2306} INFO - Starting attempt 1 of 2
[2026-05-21T13:19:45.243+0000] {taskinstance.py:2330} INFO - Executing <Task(PythonOperator): load_raw_to_snow_flake> on 2026-05-21 12:00:00+00:00
[2026-05-21T13:19:45.397+0000] {standard_task_runner.py:90} INFO - Running: ['***', 'tasks', 'run', 'spotify_minio_to_snowflake_bronze', 'load_raw_to_snow_flake', 'scheduled__2026-05-21T12:00:00+00:00', '--job-id', '7', '--raw', '--subdir', 'DAGS_FOLDER/minio-to-snowflake.py', '--cfg-path', '/tmp/tmp1dn4ohwm']
[2026-05-21T13:19:45.399+0000] {logging_mixin.py:188} WARNING - /home/***/.local/lib/python3.12/site-packages/***/task/task_runner/standard_task_runner.py:62 DeprecationWarning: This process (pid=92) is multi-threaded, use of fork() may lead to deadlocks in the child.
[2026-05-21T13:19:45.400+0000] {standard_task_runner.py:91} INFO - Job 7: Subtask load_raw_to_snow_flake
[2026-05-21T13:19:45.401+0000] {standard_task_runner.py:64} INFO - Started process 117 to run task
[2026-05-21T13:19:45.979+0000] {task_command.py:426} INFO - Running <TaskInstance: spotify_minio_to_snowflake_bronze.load_raw_to_snow_flake scheduled__2026-05-21T12:00:00+00:00 [running]> on host 30613cef2245
[2026-05-21T13:19:46.435+0000] {taskinstance.py:2648} INFO - Exporting env vars: AIRFLOW_CTX_DAG_OWNER='***' AIRFLOW_CTX_DAG_ID='spotify_minio_to_snowflake_bronze' AIRFLOW_CTX_TASK_ID='load_raw_to_snow_flake' AIRFLOW_CTX_EXECUTION_DATE='2026-05-21T12:00:00+00:00' AIRFLOW_CTX_TRY_NUMBER='1' AIRFLOW_CTX_DAG_RUN_ID='scheduled__2026-05-21T12:00:00+00:00'
[2026-05-21T13:19:46.436+0000] {taskinstance.py:430} INFO - ::endgroup::
[2026-05-21T13:19:46.484+0000] {connection.py:408} INFO - Snowflake Connector for Python Version: 3.11.0, Python Version: 3.12.4, Platform: Linux-6.6.87.2-microsoft-standard-WSL2-x86_64-with-glibc2.36
[2026-05-21T13:19:46.485+0000] {connection.py:1258} INFO - This connection is in OCSP Fail Open Mode. TLS Certificates would be checked for validity and revocation status. Any other Certificate Revocation related exceptions or OCSP Responder failures would be disregarded in favor of connectivity.
[2026-05-21T13:19:50.567+0000] {taskinstance.py:441} INFO - ::group::Post task execution logs
[2026-05-21T13:19:50.567+0000] {taskinstance.py:2905} ERROR - Task failed with exception
Traceback (most recent call last):
  File "/home/airflow/.local/lib/python3.12/site-packages/airflow/models/taskinstance.py", line 465, in _execute_task
    result = _execute_callable(context=context, **execute_callable_kwargs)
             ^^^^^^^^^^^^^^^^^^^^^^^^^^^^^^^^^^^^^^^^^^^^^^^^^^^^^^^^^^^^^
  File "/home/airflow/.local/lib/python3.12/site-packages/airflow/models/taskinstance.py", line 432, in _execute_callable
    return execute_callable(context=context, **execute_callable_kwargs)
           ^^^^^^^^^^^^^^^^^^^^^^^^^^^^^^^^^^^^^^^^^^^^^^^^^^^^^^^^^^^^
  File "/home/airflow/.local/lib/python3.12/site-packages/airflow/models/baseoperator.py", line 401, in wrapper
    return func(self, *args, **kwargs)
           ^^^^^^^^^^^^^^^^^^^^^^^^^^^
  File "/home/airflow/.local/lib/python3.12/site-packages/airflow/operators/python.py", line 235, in execute
    return_value = self.execute_callable()
                   ^^^^^^^^^^^^^^^^^^^^^^^
  File "/home/airflow/.local/lib/python3.12/site-packages/airflow/operators/python.py", line 252, in execute_callable
    return self.python_callable(*self.op_args, **self.op_kwargs)
           ^^^^^^^^^^^^^^^^^^^^^^^^^^^^^^^^^^^^^^^^^^^^^^^^^^^^^
  File "/opt/airflow/dags/minio-to-snowflake.py", line 196, in load_raw_to_snowflake
    cur.execute(f"USE DATABASE {SNOWFLAKE_DATABASE}")
  File "/home/airflow/.local/lib/python3.12/site-packages/snowflake/connector/cursor.py", line 1080, in execute
    Error.errorhandler_wrapper(self.connection, self, error_class, errvalue)
  File "/home/airflow/.local/lib/python3.12/site-packages/snowflake/connector/errors.py", line 290, in errorhandler_wrapper
    handed_over = Error.hand_to_other_handler(
                  ^^^^^^^^^^^^^^^^^^^^^^^^^^^^
  File "/home/airflow/.local/lib/python3.12/site-packages/snowflake/connector/errors.py", line 345, in hand_to_other_handler
    cursor.errorhandler(connection, cursor, error_class, error_value)
  File "/home/airflow/.local/lib/python3.12/site-packages/snowflake/connector/errors.py", line 221, in default_errorhandler
    raise error_class(
snowflake.connector.errors.ProgrammingError: 002043 (02000): 01c4845f-3202-b620-0000-0017217ec6cd: SQL compilation error:
Object does not exist, or operation cannot be performed.
[2026-05-21T13:19:50.578+0000] {taskinstance.py:1206} INFO - Marking task as UP_FOR_RETRY. dag_id=spotify_minio_to_snowflake_bronze, task_id=load_raw_to_snow_flake, run_id=scheduled__2026-05-21T12:00:00+00:00, execution_date=20260521T120000, start_date=20260521T131945, end_date=20260521T131950
[2026-05-21T13:19:50.879+0000] {standard_task_runner.py:110} ERROR - Failed to execute job 7 for task load_raw_to_snow_flake (002043 (02000): 01c4845f-3202-b620-0000-0017217ec6cd: SQL compilation error:
Object does not exist, or operation cannot be performed.; 117)
[2026-05-21T13:19:50.906+0000] {local_task_job_runner.py:243} INFO - Task exited with return code 1
[2026-05-21T13:19:50.919+0000] {taskinstance.py:3503} INFO - 0 downstream tasks scheduled from follow-on schedule check
[2026-05-21T13:19:50.927+0000] {local_task_job_runner.py:222} INFO - ::endgroup::
[2026-05-21T13:28:15.584+0000] {local_task_job_runner.py:120} INFO - ::group::Pre task execution logs
[2026-05-21T13:28:15.605+0000] {taskinstance.py:2076} INFO - Dependencies all met for dep_context=non-requeueable deps ti=<TaskInstance: spotify_minio_to_snowflake_bronze.load_raw_to_snow_flake scheduled__2026-05-21T12:00:00+00:00 [queued]>
[2026-05-21T13:28:15.613+0000] {taskinstance.py:2076} INFO - Dependencies all met for dep_context=requeueable deps ti=<TaskInstance: spotify_minio_to_snowflake_bronze.load_raw_to_snow_flake scheduled__2026-05-21T12:00:00+00:00 [queued]>
[2026-05-21T13:28:15.613+0000] {taskinstance.py:2306} INFO - Starting attempt 1 of 2
[2026-05-21T13:28:15.624+0000] {taskinstance.py:2330} INFO - Executing <Task(PythonOperator): load_raw_to_snow_flake> on 2026-05-21 12:00:00+00:00
[2026-05-21T13:28:15.636+0000] {standard_task_runner.py:90} INFO - Running: ['***', 'tasks', 'run', 'spotify_minio_to_snowflake_bronze', 'load_raw_to_snow_flake', 'scheduled__2026-05-21T12:00:00+00:00', '--job-id', '15', '--raw', '--subdir', 'DAGS_FOLDER/minio-to-snowflake.py', '--cfg-path', '/tmp/tmpybc7trrf']
[2026-05-21T13:28:15.640+0000] {logging_mixin.py:188} WARNING - /home/***/.local/lib/python3.12/site-packages/***/task/task_runner/standard_task_runner.py:62 DeprecationWarning: This process (pid=327) is multi-threaded, use of fork() may lead to deadlocks in the child.
[2026-05-21T13:28:15.641+0000] {standard_task_runner.py:91} INFO - Job 15: Subtask load_raw_to_snow_flake
[2026-05-21T13:28:15.641+0000] {standard_task_runner.py:64} INFO - Started process 349 to run task
[2026-05-21T13:28:15.737+0000] {task_command.py:426} INFO - Running <TaskInstance: spotify_minio_to_snowflake_bronze.load_raw_to_snow_flake scheduled__2026-05-21T12:00:00+00:00 [running]> on host 30613cef2245
[2026-05-21T13:28:15.805+0000] {taskinstance.py:2648} INFO - Exporting env vars: AIRFLOW_CTX_DAG_OWNER='***' AIRFLOW_CTX_DAG_ID='spotify_minio_to_snowflake_bronze' AIRFLOW_CTX_TASK_ID='load_raw_to_snow_flake' AIRFLOW_CTX_EXECUTION_DATE='2026-05-21T12:00:00+00:00' AIRFLOW_CTX_TRY_NUMBER='1' AIRFLOW_CTX_DAG_RUN_ID='scheduled__2026-05-21T12:00:00+00:00'
[2026-05-21T13:28:15.807+0000] {taskinstance.py:430} INFO - ::endgroup::
[2026-05-21T13:28:15.848+0000] {connection.py:408} INFO - Snowflake Connector for Python Version: 3.11.0, Python Version: 3.12.4, Platform: Linux-6.6.87.2-microsoft-standard-WSL2-x86_64-with-glibc2.36
[2026-05-21T13:28:15.849+0000] {connection.py:1258} INFO - This connection is in OCSP Fail Open Mode. TLS Certificates would be checked for validity and revocation status. Any other Certificate Revocation related exceptions or OCSP Responder failures would be disregarded in favor of connectivity.
[2026-05-21T13:28:16.723+0000] {cursor.py:1149} INFO - Number of results in first chunk: 1
[2026-05-21T13:28:16.851+0000] {cursor.py:1149} INFO - Number of results in first chunk: 1
[2026-05-21T13:28:17.055+0000] {cursor.py:1149} INFO - Number of results in first chunk: 1
[2026-05-21T14:25:58.863+0000] {cursor.py:1149} INFO - Number of results in first chunk: 1
[2026-05-21T14:25:58.929+0000] {connection.py:773} INFO - closed
[2026-05-21T14:25:59.004+0000] {connection.py:779} INFO - No async queries seem to be running, deleting session
[2026-05-21T14:25:59.123+0000] {logging_mixin.py:188} INFO - ✅ Loaded 9050 raw records into Snowflake table: SPOTIFY_EVENTS_BRONZE
[2026-05-21T14:25:59.193+0000] {python.py:237} INFO - Done. Returned value was: None
[2026-05-21T14:25:59.196+0000] {taskinstance.py:441} INFO - ::group::Post task execution logs
[2026-05-21T14:25:59.362+0000] {taskinstance.py:1206} INFO - Marking task as SUCCESS. dag_id=spotify_minio_to_snowflake_bronze, task_id=load_raw_to_snow_flake, run_id=scheduled__2026-05-21T12:00:00+00:00, execution_date=20260521T120000, start_date=20260521T132815, end_date=20260521T142559
[2026-05-21T14:25:59.498+0000] {local_task_job_runner.py:243} INFO - Task exited with return code 0
[2026-05-21T14:25:59.624+0000] {taskinstance.py:3503} INFO - 0 downstream tasks scheduled from follow-on schedule check
[2026-05-21T14:25:59.629+0000] {local_task_job_runner.py:222} INFO - ::endgroup::
