[2026-06-08T04:58:12.061+0000] {local_task_job_runner.py:120} INFO - ::group::Pre task execution logs
[2026-06-08T04:58:12.083+0000] {taskinstance.py:2076} INFO - Dependencies all met for dep_context=non-requeueable deps ti=<TaskInstance: spotify_minio_to_snowflake_bronze.load_raw_to_snow_flake manual__2026-06-08T04:50:37.083471+00:00 [queued]>
[2026-06-08T04:58:12.089+0000] {taskinstance.py:2076} INFO - Dependencies all met for dep_context=requeueable deps ti=<TaskInstance: spotify_minio_to_snowflake_bronze.load_raw_to_snow_flake manual__2026-06-08T04:50:37.083471+00:00 [queued]>
[2026-06-08T04:58:12.090+0000] {taskinstance.py:2306} INFO - Starting attempt 1 of 2
[2026-06-08T04:58:12.101+0000] {taskinstance.py:2330} INFO - Executing <Task(PythonOperator): load_raw_to_snow_flake> on 2026-06-08 04:50:37.083471+00:00
[2026-06-08T04:58:12.109+0000] {standard_task_runner.py:90} INFO - Running: ['***', 'tasks', 'run', 'spotify_minio_to_snowflake_bronze', 'load_raw_to_snow_flake', 'manual__2026-06-08T04:50:37.083471+00:00', '--job-id', '90', '--raw', '--subdir', 'DAGS_FOLDER/minio-to-snowflake.py', '--cfg-path', '/tmp/tmpg33ujfpg']
[2026-06-08T04:58:12.116+0000] {standard_task_runner.py:91} INFO - Job 90: Subtask load_raw_to_snow_flake
[2026-06-08T04:58:12.121+0000] {logging_mixin.py:188} WARNING - /home/***/.local/lib/python3.12/site-packages/***/task/task_runner/standard_task_runner.py:62 DeprecationWarning: This process (pid=116) is multi-threaded, use of fork() may lead to deadlocks in the child.
[2026-06-08T04:58:12.122+0000] {standard_task_runner.py:64} INFO - Started process 138 to run task
[2026-06-08T04:58:12.192+0000] {task_command.py:426} INFO - Running <TaskInstance: spotify_minio_to_snowflake_bronze.load_raw_to_snow_flake manual__2026-06-08T04:50:37.083471+00:00 [running]> on host 1b98f89b031b
[2026-06-08T04:58:12.279+0000] {taskinstance.py:2648} INFO - Exporting env vars: AIRFLOW_CTX_DAG_OWNER='***' AIRFLOW_CTX_DAG_ID='spotify_minio_to_snowflake_bronze' AIRFLOW_CTX_TASK_ID='load_raw_to_snow_flake' AIRFLOW_CTX_EXECUTION_DATE='2026-06-08T04:50:37.083471+00:00' AIRFLOW_CTX_TRY_NUMBER='1' AIRFLOW_CTX_DAG_RUN_ID='manual__2026-06-08T04:50:37.083471+00:00'
[2026-06-08T04:58:12.280+0000] {taskinstance.py:430} INFO - ::endgroup::
[2026-06-08T04:58:12.297+0000] {taskinstance.py:441} INFO - ::group::Post task execution logs
[2026-06-08T04:58:12.299+0000] {taskinstance.py:2905} ERROR - Task failed with exception
Traceback (most recent call last):
  File "/home/airflow/.local/lib/python3.12/site-packages/airflow/models/taskinstance.py", line 465, in _execute_task
    result = _execute_callable(context=context, **execute_callable_kwargs)
             ^^^^^^^^^^^^^^^^^^^^^^^^^^^^^^^^^^^^^^^^^^^^^^^^^^^^^^^^^^^^^
  File "/home/airflow/.local/lib/python3.12/site-packages/airflow/models/taskinstance.py", line 432, in _execute_callable
    return execute_callable(context=context, **execute_callable_kwargs)
           ^^^^^^^^^^^^^^^^^^^^^^^^^^^^^^^^^^^^^^^^^^^^^^^^^^^^^^^^^^^^
  File "/home/airflow/.local/lib/python3.12/site-packages/airflow/models/baseoperator.py", line 401, in wrapper
    return func(self, *args, **kwargs)
           ^^^^^^^^^^^^^^^^^^^^^^^^^^^
  File "/home/airflow/.local/lib/python3.12/site-packages/airflow/operators/python.py", line 235, in execute
    return_value = self.execute_callable()
                   ^^^^^^^^^^^^^^^^^^^^^^^
  File "/home/airflow/.local/lib/python3.12/site-packages/airflow/operators/python.py", line 252, in execute_callable
    return self.python_callable(*self.op_args, **self.op_kwargs)
           ^^^^^^^^^^^^^^^^^^^^^^^^^^^^^^^^^^^^^^^^^^^^^^^^^^^^^
  File "/opt/airflow/dags/minio-to-snowflake.py", line 197, in load_raw_to_snowflake
    with open(file_path, "r") as f:
         ^^^^^^^^^^^^^^^^^^^^
FileNotFoundError: [Errno 2] No such file or directory: '/tmp/spotify_raw.json'
[2026-06-08T04:58:12.315+0000] {taskinstance.py:1206} INFO - Marking task as UP_FOR_RETRY. dag_id=spotify_minio_to_snowflake_bronze, task_id=load_raw_to_snow_flake, run_id=manual__2026-06-08T04:50:37.083471+00:00, execution_date=20260608T045037, start_date=20260608T045812, end_date=20260608T045812
[2026-06-08T04:58:12.325+0000] {standard_task_runner.py:110} ERROR - Failed to execute job 90 for task load_raw_to_snow_flake ([Errno 2] No such file or directory: '/tmp/spotify_raw.json'; 138)
[2026-06-08T04:58:12.344+0000] {local_task_job_runner.py:243} INFO - Task exited with return code 1
[2026-06-08T04:58:12.359+0000] {taskinstance.py:3503} INFO - 0 downstream tasks scheduled from follow-on schedule check
[2026-06-08T04:58:12.362+0000] {local_task_job_runner.py:222} INFO - ::endgroup::
