[2026-06-08T05:01:20.640+0000] {local_task_job_runner.py:120} INFO - ::group::Pre task execution logs
[2026-06-08T05:01:20.666+0000] {taskinstance.py:2076} INFO - Dependencies all met for dep_context=non-requeueable deps ti=<TaskInstance: spotify_minio_to_snowflake_bronze.load_raw_to_snow_flake scheduled__2026-06-08T04:00:00+00:00 [queued]>
[2026-06-08T05:01:20.676+0000] {taskinstance.py:2076} INFO - Dependencies all met for dep_context=requeueable deps ti=<TaskInstance: spotify_minio_to_snowflake_bronze.load_raw_to_snow_flake scheduled__2026-06-08T04:00:00+00:00 [queued]>
[2026-06-08T05:01:20.677+0000] {taskinstance.py:2306} INFO - Starting attempt 1 of 2
[2026-06-08T05:01:20.691+0000] {taskinstance.py:2330} INFO - Executing <Task(PythonOperator): load_raw_to_snow_flake> on 2026-06-08 04:00:00+00:00
[2026-06-08T05:01:20.699+0000] {standard_task_runner.py:90} INFO - Running: ['***', 'tasks', 'run', 'spotify_minio_to_snowflake_bronze', 'load_raw_to_snow_flake', 'scheduled__2026-06-08T04:00:00+00:00', '--job-id', '104', '--raw', '--subdir', 'DAGS_FOLDER/minio-to-snowflake.py', '--cfg-path', '/tmp/tmpf4_pj7ug']
[2026-06-08T05:01:20.703+0000] {logging_mixin.py:188} WARNING - /home/***/.local/lib/python3.12/site-packages/***/task/task_runner/standard_task_runner.py:62 DeprecationWarning: This process (pid=109) is multi-threaded, use of fork() may lead to deadlocks in the child.
[2026-06-08T05:01:20.704+0000] {standard_task_runner.py:91} INFO - Job 104: Subtask load_raw_to_snow_flake
[2026-06-08T05:01:20.704+0000] {standard_task_runner.py:64} INFO - Started process 131 to run task
[2026-06-08T05:01:20.788+0000] {task_command.py:426} INFO - Running <TaskInstance: spotify_minio_to_snowflake_bronze.load_raw_to_snow_flake scheduled__2026-06-08T04:00:00+00:00 [running]> on host 294e4932cb8a
[2026-06-08T05:01:20.877+0000] {taskinstance.py:2648} INFO - Exporting env vars: AIRFLOW_CTX_DAG_OWNER='***' AIRFLOW_CTX_DAG_ID='spotify_minio_to_snowflake_bronze' AIRFLOW_CTX_TASK_ID='load_raw_to_snow_flake' AIRFLOW_CTX_EXECUTION_DATE='2026-06-08T04:00:00+00:00' AIRFLOW_CTX_TRY_NUMBER='1' AIRFLOW_CTX_DAG_RUN_ID='scheduled__2026-06-08T04:00:00+00:00'
[2026-06-08T05:01:20.878+0000] {taskinstance.py:430} INFO - ::endgroup::
[2026-06-08T05:01:20.951+0000] {connection.py:408} INFO - Snowflake Connector for Python Version: 3.11.0, Python Version: 3.12.4, Platform: Linux-6.6.87.2-microsoft-standard-WSL2-x86_64-with-glibc2.36
[2026-06-08T05:01:20.953+0000] {connection.py:1258} INFO - This connection is in OCSP Fail Open Mode. TLS Certificates would be checked for validity and revocation status. Any other Certificate Revocation related exceptions or OCSP Responder failures would be disregarded in favor of connectivity.
[2026-06-08T05:01:23.033+0000] {cursor.py:1149} INFO - Number of results in first chunk: 1
[2026-06-08T05:01:23.152+0000] {cursor.py:1149} INFO - Number of results in first chunk: 1
[2026-06-08T05:01:23.262+0000] {cursor.py:1149} INFO - Number of results in first chunk: 1
[2026-06-08T09:03:36.130+0000] {connectionpool.py:824} WARNING - Retrying (Retry(total=0, connect=None, read=None, redirect=None, status=None)) after connection broken by 'NewConnectionError('<snowflake.connector.vendored.urllib3.connection.HTTPSConnection object at 0x7c2958cbe2a0>: Failed to establish a new connection: [Errno -2] Name or service not known')': /queries/v1/query-request?requestId=82ccd449-a52a-417d-a9e3-1a2273d78184&clientStartTime=1780909414589&retryCount=1&retryReason=None&request_guid=4c5253fd-0b5e-4e16-9388-8af53627f094
[2026-06-08T09:18:39.118+0000] {connectionpool.py:824} WARNING - Retrying (Retry(total=0, connect=None, read=None, redirect=None, status=None)) after connection broken by 'NewConnectionError('<snowflake.connector.vendored.urllib3.connection.HTTPSConnection object at 0x7c298f6fede0>: Failed to establish a new connection: [Errno -2] Name or service not known')': /queries/v1/query-request?requestId=82ccd449-a52a-417d-a9e3-1a2273d78184&clientStartTime=1780909414589&retryCount=2&retryReason=None&request_guid=029f01d2-4f22-43ad-9016-bcead8613236
[2026-06-08T09:18:40.656+0000] {connectionpool.py:824} WARNING - Retrying (Retry(total=0, connect=None, read=None, redirect=None, status=None)) after connection broken by 'NewConnectionError('<snowflake.connector.vendored.urllib3.connection.HTTPSConnection object at 0x7c298f6fec30>: Failed to establish a new connection: [Errno -2] Name or service not known')': /queries/v1/query-request?requestId=82ccd449-a52a-417d-a9e3-1a2273d78184&clientStartTime=1780909414589&retryCount=3&retryReason=None&request_guid=949f4ae4-a902-43c0-a20b-7c7e3528bf58
[2026-06-08T11:19:08.456+0000] {cursor.py:1149} INFO - Number of results in first chunk: 1
[2026-06-08T11:19:08.533+0000] {connection.py:773} INFO - closed
[2026-06-08T11:19:08.616+0000] {connection.py:779} INFO - No async queries seem to be running, deleting session
[2026-06-08T11:19:08.811+0000] {logging_mixin.py:188} INFO - ✅ Loaded 8389 raw records into Snowflake table: SPOTIFY_EVENTS_BRONZE
[2026-06-08T11:19:09.109+0000] {python.py:237} INFO - Done. Returned value was: None
[2026-06-08T11:19:09.123+0000] {taskinstance.py:441} INFO - ::group::Post task execution logs
[2026-06-08T11:19:09.630+0000] {taskinstance.py:1206} INFO - Marking task as SUCCESS. dag_id=spotify_minio_to_snowflake_bronze, task_id=load_raw_to_snow_flake, run_id=scheduled__2026-06-08T04:00:00+00:00, execution_date=20260608T040000, start_date=20260608T050120, end_date=20260608T111909
[2026-06-08T11:19:10.027+0000] {local_task_job_runner.py:243} INFO - Task exited with return code 0
[2026-06-08T11:19:10.854+0000] {taskinstance.py:3503} INFO - 1 downstream tasks scheduled from follow-on schedule check
[2026-06-08T11:19:10.858+0000] {local_task_job_runner.py:222} INFO - ::endgroup::
