[2026-05-21T14:26:10.789+0000] {local_task_job_runner.py:120} INFO - ::group::Pre task execution logs
[2026-05-21T14:26:10.809+0000] {taskinstance.py:2076} INFO - Dependencies all met for dep_context=non-requeueable deps ti=<TaskInstance: spotify_minio_to_snowflake_bronze.load_raw_to_snow_flake scheduled__2026-05-21T13:00:00+00:00 [queued]>
[2026-05-21T14:26:10.816+0000] {taskinstance.py:2076} INFO - Dependencies all met for dep_context=requeueable deps ti=<TaskInstance: spotify_minio_to_snowflake_bronze.load_raw_to_snow_flake scheduled__2026-05-21T13:00:00+00:00 [queued]>
[2026-05-21T14:26:10.816+0000] {taskinstance.py:2306} INFO - Starting attempt 1 of 2
[2026-05-21T14:26:10.827+0000] {taskinstance.py:2330} INFO - Executing <Task(PythonOperator): load_raw_to_snow_flake> on 2026-05-21 13:00:00+00:00
[2026-05-21T14:26:10.834+0000] {standard_task_runner.py:90} INFO - Running: ['***', 'tasks', 'run', 'spotify_minio_to_snowflake_bronze', 'load_raw_to_snow_flake', 'scheduled__2026-05-21T13:00:00+00:00', '--job-id', '17', '--raw', '--subdir', 'DAGS_FOLDER/minio-to-snowflake.py', '--cfg-path', '/tmp/tmpw62_m2af']
[2026-05-21T14:26:10.837+0000] {logging_mixin.py:188} WARNING - /home/***/.local/lib/python3.12/site-packages/***/task/task_runner/standard_task_runner.py:62 DeprecationWarning: This process (pid=709) is multi-threaded, use of fork() may lead to deadlocks in the child.
[2026-05-21T14:26:10.837+0000] {standard_task_runner.py:91} INFO - Job 17: Subtask load_raw_to_snow_flake
[2026-05-21T14:26:10.838+0000] {standard_task_runner.py:64} INFO - Started process 731 to run task
[2026-05-21T14:26:10.891+0000] {task_command.py:426} INFO - Running <TaskInstance: spotify_minio_to_snowflake_bronze.load_raw_to_snow_flake scheduled__2026-05-21T13:00:00+00:00 [running]> on host 30613cef2245
[2026-05-21T14:26:10.961+0000] {taskinstance.py:2648} INFO - Exporting env vars: AIRFLOW_CTX_DAG_OWNER='***' AIRFLOW_CTX_DAG_ID='spotify_minio_to_snowflake_bronze' AIRFLOW_CTX_TASK_ID='load_raw_to_snow_flake' AIRFLOW_CTX_EXECUTION_DATE='2026-05-21T13:00:00+00:00' AIRFLOW_CTX_TRY_NUMBER='1' AIRFLOW_CTX_DAG_RUN_ID='scheduled__2026-05-21T13:00:00+00:00'
[2026-05-21T14:26:10.962+0000] {taskinstance.py:430} INFO - ::endgroup::
[2026-05-21T14:26:11.001+0000] {connection.py:408} INFO - Snowflake Connector for Python Version: 3.11.0, Python Version: 3.12.4, Platform: Linux-6.6.87.2-microsoft-standard-WSL2-x86_64-with-glibc2.36
[2026-05-21T14:26:11.002+0000] {connection.py:1258} INFO - This connection is in OCSP Fail Open Mode. TLS Certificates would be checked for validity and revocation status. Any other Certificate Revocation related exceptions or OCSP Responder failures would be disregarded in favor of connectivity.
[2026-05-21T14:26:11.686+0000] {cursor.py:1149} INFO - Number of results in first chunk: 1
[2026-05-21T14:26:11.790+0000] {cursor.py:1149} INFO - Number of results in first chunk: 1
[2026-05-21T14:26:11.904+0000] {cursor.py:1149} INFO - Number of results in first chunk: 1
[2026-05-21T16:58:52.171+0000] {cursor.py:1149} INFO - Number of results in first chunk: 1
[2026-05-21T16:58:52.279+0000] {connection.py:773} INFO - closed
[2026-05-21T16:58:52.328+0000] {connection.py:779} INFO - No async queries seem to be running, deleting session
[2026-05-21T16:58:52.432+0000] {logging_mixin.py:188} INFO - ✅ Loaded 10000 raw records into Snowflake table: SPOTIFY_EVENTS_BRONZE
[2026-05-21T16:58:52.587+0000] {python.py:237} INFO - Done. Returned value was: None
[2026-05-21T16:58:52.590+0000] {taskinstance.py:441} INFO - ::group::Post task execution logs
[2026-05-21T16:58:52.895+0000] {taskinstance.py:1206} INFO - Marking task as SUCCESS. dag_id=spotify_minio_to_snowflake_bronze, task_id=load_raw_to_snow_flake, run_id=scheduled__2026-05-21T13:00:00+00:00, execution_date=20260521T130000, start_date=20260521T142610, end_date=20260521T165852
[2026-05-21T16:58:53.142+0000] {local_task_job_runner.py:243} INFO - Task exited with return code 0
[2026-05-21T16:58:53.361+0000] {taskinstance.py:3503} INFO - 0 downstream tasks scheduled from follow-on schedule check
[2026-05-21T16:58:53.366+0000] {local_task_job_runner.py:222} INFO - ::endgroup::
